Bad state: Cannot use "ref" after the widget was disposed.
#0      ConsumerStatefulElement._assertNotDisposed (package:flutter_riverpod/src/consumer.dart:550)
#1      ConsumerStatefulElement.read (package:flutter_riverpod/src/consumer.dart:619)
#2      _ProjectsHomeTopBarState.dispose (package:anvil/features/projects_home/widgets/projects_home_top_bar.dart:67)
#3      StatefulElement.unmount (package:flutter/src/widgets/framework.dart:6030)
#4      ConsumerStatefulElement.unmount (package:flutter_riverpod/src/consumer.dart:575)
#5      _InactiveElements._unmount (package:flutter/src/widgets/framework.dart:2117)
#6      _InactiveElements._unmount.<anonymous closure> (package:flutter/src/widgets/framework.dart:2115)
#7      MultiChildRenderObjectElement.visitChildren (package:flutter/src/widgets/framework.dart:7223)
#8      _InactiveElements._unmount (package:flutter/src/widgets/framework.dart:2113)
#9      _InactiveElements._unmount.<anonymous closure> (package:flutter/src/widgets/framework.dart:2115)
#10     RenderObjectWithChildMixin.visitChildren (package:flutter/src/rendering/object.dart:4104)
#11     _InactiveElements._unmount (package:flutter/src/widgets/framework.dart:2113)
#12     _InactiveElements._unmount.<anonymous closure> (package:flutter/src/widgets/framework.dart:2115)
#13     ComponentElement.visitChildren (package:flutter/src/widgets/framework.dart:5871)
#14     _InactiveElements._unmount (package:flutter/src/widgets/framework.dart:2113)
#15     _InactiveElements._unmount.<anonymous closure> (package:flutter/src/widgets/framework.dart:2115)
#16     RenderObjectWithChildMixin.visitChildren (package:flutter/src/rendering/object.dart:4104)
#17     _InactiveElements._unmount (package:flutter/src/widgets/framework.dart:2113)
#18     _InactiveElements._unmount.<anonymous closure> (package:flutter/src/widgets/framework.dart:2115)
#19     ComponentElement.visitChildren (package:flutter/src/widgets/framework.dart:5871)
#20     _InactiveElements._unmount (package:flutter/src/widgets/framework.dart:2113)
#21     _InactiveElements._unmount.<anonymous closure> (package:flutter/src/widgets/framework.dart:2115)
#22     ComponentElement.visitChildren (package:flutter/src/widgets/framework.dart:5871)
#23     _InactiveElements._unmount (package:flutter/src/widgets/framework.dart:2113)
#24     _InactiveElements._unmount.<anonymous closure> (package:flutter/src/widgets/framework.dart:2115)
#25     RenderObjectWithChildMixin.visitChildren (package:flutter/src/rendering/object.dart:4104)
#26     _InactiveElements._unmount (package:flutter/src/widgets/framework.dart:2113)
#27     _InactiveElements._unmount.<anonymous closure> (package:flutter/src/widgets/framework.dart:2115)
#28     ComponentElement.visitChildren (package:flutter/src/widgets/framework.dart:5871)
#29     _InactiveElements._unmount (package:flutter/src/widgets/framework.dart:2113)
#30     _InactiveElements._unmount.<anonymous closure> (package:flutter/src/widgets/framework.dart:2115)
#31     ComponentElement.visitChildren (package:flutter/src/widgets/framework.dart:5871)
#32     _InactiveElements._unmount (package:flutter/src/widgets/framework.dart:2113)
#33     _InactiveElements._unmount.<anonymous closure> (package:flutter/src/widgets/framework.dart:2115)
#34     ComponentElement.visitChildren (package:flutter/src/widgets/framework.dart:5871)
#35     _InactiveElements._unmount (package:flutter/src/widgets/framework.dart:2113)
#36     _InactiveElements._unmount.<anonymous closure> (package:flutter/src/widgets/framework.dart:2115)
#37     ComponentElement.visitChildren (package:flutter/src/widgets/framework.dart:5871)
#38     _InactiveElements._unmount (package:flutter/src/widgets/framework.dart:2113)
#39     _InactiveElements._unmount.<anonymous closure> (package:flutter/src/widgets/framework.dart:2115)
#40     ComponentElement.visitChildren (package:flutter/src/widgets/framework.dart:5871)
#41     _InactiveElements._unmount (package:flutter/src/widgets/framework.dart:2113)
#42     _InactiveElements._unmount.<anonymous closure> (package:flutter/src/widgets/framework.dart:2115)
#43     ComponentElement.visitChildren (package:flutter/src/widgets/framework.dart:5871)
#44     _InactiveElements._unmount (package:flutter/src/widgets/framework.dart:2113)
#45     _InactiveElements._unmount.<anonymous closure> (package:flutter/src/widgets/framework.dart:2115)
#46     ComponentElement.visitChildren (package:flutter/src/widgets/framework.dart:5871)
#47     _InactiveElements._unmount (package:flutter/src/widgets/framework.dart:2113)
#48     _InactiveElements._unmount.<anonymous closure> (package:flutter/src/widgets/framework.dart:2115)
#49     MultiChildRenderObjectElement.visitChildren (package:flutter/src/widgets/framework.dart:7223)
#50     _InactiveElements._unmount (package:flutter/src/widgets/framework.dart:2113)
#51     _InactiveElements._unmount.<anonymous closure> (package:flutter/src/widgets/framework.dart:2115)
#52     ComponentElement.visitChildren (package:flutter/src/widgets/framework.dart:5871)
#53     _InactiveElements._unmount (package:flutter/src/widgets/framework.dart:2113)
#54     _InactiveElements._unmount.<anonymous closure> (package:flutter/src/widgets/framework.dart:2115)
#55     ComponentElement.visitChildren (package:flutter/src/widgets/framework.dart:5871)
#56     _InactiveElements._unmount (package:flutter/src/widgets/framework.dart:2113)
#57     _InactiveElements._unmount.<anonymous closure> (package:flutter/src/widgets/framework.dart:2115)
#58     ComponentElement.visitChildren (package:flutter/src/widgets/framework.dart:5871)
#59     _InactiveElements._unmount (package:flutter/src/widgets/framework.dart:2113)
#60     _InactiveElements._unmount.<anonymous closure> (package:flutter/src/widgets/framework.dart:2115)
#61     ComponentElement.visitChildren (package:flutter/src/widgets/framework.dart:5871)
#62     _InactiveElements._unmount (package:flutter/src/widgets/framework.dart:2113)
#63     _InactiveElements._unmount.<anonymous closure> (package:flutter/src/widgets/framework.dart:2115)
#64     ComponentElement.visitChildren (package:flutter/src/widgets/framework.dart:5871)
#65     _InactiveElements._unmount (package:flutter/src/widgets/framework.dart:2113)
#66     _InactiveElements._unmount.<anonymous closure> (package:flutter/src/widgets/framework.dart:2115)
#67     RenderObjectWithChildMixin.visitChildren (package:flutter/src/rendering/object.dart:4104)
#68     _InactiveElements._unmount (package:flutter/src/widgets/framework.dart:2113)
#69     _InactiveElements._unmount.<anonymous closure> (package:flutter/src/widgets/framework.dart:2115)
#70     ComponentElement.visitChildren (package:flutter/src/widgets/framework.dart:5871)
#71     _InactiveElements._unmount (package:flutter/src/widgets/framework.dart:2113)
#72     _InactiveElements._unmount.<anonymous closure> (package:flutter/src/widgets/framework.dart:2115)
#73     RenderObjectWithChildMixin.visitChildren (package:flutter/src/rendering/object.dart:4104)
#74     _InactiveElements._unmount (package:flutter/src/widgets/framework.dart:2113)
#75     _InactiveElements._unmount.<anonymous closure> (package:flutter/src/widgets/framework.dart:2115)
#76     ComponentElement.visitChildren (package:flutter/src/widgets/framework.dart:5871)
#77     _InactiveElements._unmount (package:flutter/src/widgets/framework.dart:2113)
#78     _InactiveElements._unmount.<anonymous closure> (package:flutter/src/widgets/framework.dart:2115)
#79     ComponentElement.visitChildren (package:flutter/src/widgets/framework.dart:5871)
#80     _InactiveElements._unmount (package:flutter/src/widgets/framework.dart:2113)
#81     _InactiveElements._unmount.<anonymous closure> (package:flutter/src/widgets/framework.dart:2115)
#82     ComponentElement.visitChildren (package:flutter/src/widgets/framework.dart:5871)
#83     _InactiveElements._unmount (package:flutter/src/widgets/framework.dart:2113)
#84     _InactiveElements._unmount.<anonymous closure> (package:flutter/src/widgets/framework.dart:2115)
#85     ComponentElement.visitChildren (package:flutter/src/widgets/framework.dart:5871)
#86     _InactiveElements._unmount (package:flutter/src/widgets/framework.dart:2113)
#87     _InactiveElements._unmount.<anonymous closure> (package:flutter/src/widgets/framework.dart:2115)
#88     ComponentElement.visitChildren (package:flutter/src/widgets/framework.dart:5871)
#89     _InactiveElements._unmount (package:flutter/src/widgets/framework.dart:2113)
#90     _InactiveElements._unmount.<anonymous closure> (package:flutter/src/widgets/framework.dart:2115)
#91     ComponentElement.visitChildren (package:flutter/src/widgets/framework.dart:5871)
#92     _InactiveElements._unmount (package:flutter/src/widgets/framework.dart:2113)
#93     _InactiveElements._unmount.<anonymous closure> (package:flutter/src/widgets/framework.dart:2115)
#94     ComponentElement.visitChildren (package:flutter/src/widgets/framework.dart:5871)
#95     _InactiveElements._unmount (package:flutter/src/widgets/framework.dart:2113)
#96     _InactiveElements._unmount.<anonymous closure> (package:flutter/src/widgets/framework.dart:2115)
#97     ComponentElement.visitChildren (package:flutter/src/widgets/framework.dart:5871)
#98     _InactiveElements._unmount (package:flutter/src/widgets/framework.dart:2113)
#99     _InactiveElements._unmount.<anonymous closure> (package:flutter/src/widgets/framework.dart:2115)
Another exception was thrown: Instance of 'DiagnosticsProperty<void>'
