
==> Anvil: windows (26.6.5+510)
+ pwsh -NoProfile -ExecutionPolicy Bypass -Command "& { cargo build --release --workspace; Set-Location $env:CBUILD_APP_DIR; flutter pub get; flutter build windows --release --build-name=$env:CBUILD_VERSION --build-number=$env:CBUILD_BUILD_NUMBER }"
error: could not find `Cargo.toml` in `D:\git\CepheusLabs\anvil` or any parent directory
Resolving dependencies...
Downloading packages...
  _fe_analyzer_shared 93.0.0 (101.0.0 available)
  analyzer 10.0.1 (13.1.0 available)
  build 4.0.5 (4.0.6 available)
  build_runner 2.13.1 (2.15.0 available)
  built_value 8.12.5 (8.12.6 available)
  cli_util 0.4.2 (0.5.1 available)
  code_assets 1.0.0 (1.2.1 available)
  dart_style 3.1.7 (3.1.9 available)
  file_picker 8.3.7 (11.0.2 available)
  flutter_plugin_android_lifecycle 2.0.34 (2.0.35 available)
  flutter_riverpod 2.6.1 (3.3.1 available)
  flutter_rust_bridge 2.7.0 (2.12.0 available)
  flutter_secure_storage 10.2.0 (10.3.1 available)
  flutter_secure_storage_darwin 0.3.1 (0.4.0 available)
  flutter_secure_storage_linux 3.0.0 (3.0.1 available)
  flutter_secure_storage_windows 4.1.0 (4.2.2 available)
! forge 2.1.0 from git https://github.com/CepheusLabs/forge.git at 84cf9f (overridden)
  go_router 14.8.1 (17.3.0 available)
  hooks 1.0.3 (2.0.2 available)
  json_annotation 4.11.0 (4.12.0 available)
  lucide_icons_flutter 3.1.14+1 (3.1.14+2 available)
  matcher 0.12.19 (0.12.20 available)
  meta 1.17.0 (1.18.3 available)
  native_toolchain_c 0.17.6 (0.19.1 available)
  objective_c 9.3.0 (9.4.1 available)
  package_info_plus 8.3.1 (10.1.0 available)
  package_info_plus_platform_interface 3.2.1 (4.1.0 available)
! printdeck_app_mode 0.2.0 from git https://github.com/CepheusLabs/printdeck_app_mode.git at ba34c5 (overridden)
! printdeck_identity 0.1.0 from git https://github.com/CepheusLabs/printdeck_identity.git at 9fd5f5 (overridden)
! printdeck_product_platform 0.1.0 from git https://github.com/CepheusLabs/printdeck_product_platform.git at c43d5c (overridden)
! printdeck_stockpile 0.2.0 from git https://github.com/CepheusLabs/stockpile.git at 140b8f in clients/flutter (overridden)
  qr 3.0.2 (4.0.0 available)
  riverpod 2.6.1 (3.2.1 available)
  shared_preferences_android 2.4.23 (2.4.25 available)
  slang 4.14.0 (4.15.0 available)
  slang_build_runner 4.14.0 (4.15.0 available)
  slang_flutter 4.14.0 (4.15.0 available)
  sqlite3 3.3.1 (3.3.2 available)
  sqlite3_flutter_libs 0.5.42 (0.6.0+eol available)
  test_api 0.7.10 (0.7.12 available)
  url_launcher_android 6.3.30 (6.3.32 available)
  vector_graphics_compiler 1.2.3 (1.2.5 available)
  vector_math 2.2.0 (2.4.0 available)
  vm_service 15.1.0 (15.2.0 available)
  win32 5.15.0 (6.3.0 available)
  xml 6.6.1 (7.0.1 available)
Got dependencies!
41 packages have newer versions incompatible with dependency constraints.
Try `flutter pub outdated` for more information.
Resolving dependencies...
Downloading packages...
  _fe_analyzer_shared 93.0.0 (101.0.0 available)
  analyzer 10.0.1 (13.1.0 available)
  build 4.0.5 (4.0.6 available)
  build_runner 2.13.1 (2.15.0 available)
  built_value 8.12.5 (8.12.6 available)
  cli_util 0.4.2 (0.5.1 available)
  code_assets 1.0.0 (1.2.1 available)
  dart_style 3.1.7 (3.1.9 available)
  file_picker 8.3.7 (11.0.2 available)
  flutter_plugin_android_lifecycle 2.0.34 (2.0.35 available)
  flutter_riverpod 2.6.1 (3.3.1 available)
  flutter_rust_bridge 2.7.0 (2.12.0 available)
  flutter_secure_storage 10.2.0 (10.3.1 available)
  flutter_secure_storage_darwin 0.3.1 (0.4.0 available)
  flutter_secure_storage_linux 3.0.0 (3.0.1 available)
  flutter_secure_storage_windows 4.1.0 (4.2.2 available)
! forge 2.1.0 from git https://github.com/CepheusLabs/forge.git at 84cf9f (overridden)
  go_router 14.8.1 (17.3.0 available)
  hooks 1.0.3 (2.0.2 available)
  json_annotation 4.11.0 (4.12.0 available)
  lucide_icons_flutter 3.1.14+1 (3.1.14+2 available)
  matcher 0.12.19 (0.12.20 available)
  meta 1.17.0 (1.18.3 available)
  native_toolchain_c 0.17.6 (0.19.1 available)
  objective_c 9.3.0 (9.4.1 available)
  package_info_plus 8.3.1 (10.1.0 available)
  package_info_plus_platform_interface 3.2.1 (4.1.0 available)
! printdeck_app_mode 0.2.0 from git https://github.com/CepheusLabs/printdeck_app_mode.git at ba34c5 (overridden)
! printdeck_identity 0.1.0 from git https://github.com/CepheusLabs/printdeck_identity.git at 9fd5f5 (overridden)
! printdeck_product_platform 0.1.0 from git https://github.com/CepheusLabs/printdeck_product_platform.git at c43d5c (overridden)
! printdeck_stockpile 0.2.0 from git https://github.com/CepheusLabs/stockpile.git at 140b8f in clients/flutter (overridden)
  qr 3.0.2 (4.0.0 available)
  riverpod 2.6.1 (3.2.1 available)
  shared_preferences_android 2.4.23 (2.4.25 available)
  slang 4.14.0 (4.15.0 available)
  slang_build_runner 4.14.0 (4.15.0 available)
  slang_flutter 4.14.0 (4.15.0 available)
  sqlite3 3.3.1 (3.3.2 available)
  sqlite3_flutter_libs 0.5.42 (0.6.0+eol available)
  test_api 0.7.10 (0.7.12 available)
  url_launcher_android 6.3.30 (6.3.32 available)
  vector_graphics_compiler 1.2.3 (1.2.5 available)
  vector_math 2.2.0 (2.4.0 available)
  vm_service 15.1.0 (15.2.0 available)
  win32 5.15.0 (6.3.0 available)
  xml 6.6.1 (7.0.1 available)
Got dependencies!
41 packages have newer versions incompatible with dependency constraints.
Try `flutter pub outdated` for more information.
Building Windows application...                                 
CUSTOMBUILD : error : could not find `Cargo.toml` in `D:\git\CepheusLabs\anvil\shared\printdeck\slicer-core` or any parent directory [D:\git\CepheusLabs\anvil\app\build\windows\x64\anvil_rust_core.vcxproj]
D:\Program Files\Microsoft\MSBuild\Microsoft\VC\v180\Microsoft.CppCommon.targets(254,5): error MSB8066: Custom build for 'D:\git\CepheusLabs\anvil\app\build\windows\x64\CMakeFiles\3b72ad878e576bf021b5f54aaca41c98\anvil_rust_core.rule;D:\git\CepheusLabs\anvil\app\windows\CMakeLists.txt' exited with code 101. [D:\git\CepheusLabs\anvil\app\build\windows\x64\anvil_rust_core.vcxproj]
Building Windows application...                                    13.0s
Build process failed.
