=== colorwake windows via cepheus-build (cargo colorwake_native.dll + flutter) ===

==> Colorwake Studio: windows (26.6.6+261)
+ pwsh -NoProfile -ExecutionPolicy Bypass -Command "& { cargo build --release -p colorwake_native; Copy-Item -LiteralPath (Join-Path $env:CBUILD_REPO_ROOT 'target/release/colorwake_native.dll') -Destination (Join-Path $env:CBUILD_APP_DIR 'colorwake_native.dll') -Force; Set-Location $env:CBUILD_APP_DIR; flutter pub get; flutter build windows --release --build-name=$env:CBUILD_VERSION --build-number=$env:CBUILD_BUILD_NUMBER }"
   Compiling cfg-if v1.0.4
   Compiling bitflags v2.11.1
   Compiling windows-link v0.2.1
   Compiling log v0.4.29
   Compiling winapi v0.3.9
   Compiling simd-adler32 v0.3.9
   Compiling equivalent v1.0.2
   Compiling khronos_api v3.1.0
   Compiling windows_x86_64_msvc v0.52.6
   Compiling syn v1.0.109
   Compiling hashbrown v0.17.0
   Compiling adler2 v2.0.1
   Compiling xml-rs v0.8.28
   Compiling zlib-rs v0.6.3
   Compiling memchr v2.8.0
   Compiling once_cell v1.21.4
   Compiling smallvec v1.15.1
   Compiling serde_core v1.0.228
   Compiling crc32fast v1.5.0
   Compiling serde v1.0.228
   Compiling thiserror v2.0.18
   Compiling windows-sys v0.61.2
   Compiling miniz_oxide v0.8.9
   Compiling thiserror v1.0.69
   Compiling zerocopy v0.8.48
   Compiling libloading v0.8.9
   Compiling libc v0.2.186
   Compiling parking_lot_core v0.9.12
   Compiling bumpalo v3.20.2
   Compiling scopeguard v1.2.0
   Compiling unicode-width v0.1.14
   Compiling bit-vec v0.6.3
   Compiling num-traits v0.2.19
   Compiling ahash v0.8.12
   Compiling allocator-api2 v0.2.21
   Compiling khronos-egl v6.0.0
   Compiling syn v2.0.117
   Compiling zmij v1.0.21
   Compiling ash v0.37.3+1.3.251
   Compiling spirv v0.3.0+sdk-1.3.268.0
   Compiling gpu-alloc-types v0.3.0
   Compiling wgpu-hal v0.19.5
   Compiling gpu-descriptor-types v0.1.2
   Compiling widestring v1.2.1
   Compiling lock_api v0.4.14
   Compiling indexmap v2.14.0
   Compiling zopfli v0.8.3
   Compiling bit-set v0.5.3
   Compiling hexf-parse v0.2.1
   Compiling presser v0.3.1
   Compiling rustc-hash v1.1.0
   Compiling unicode-xid v0.2.6
   Compiling serde_json v1.0.149
   Compiling wgpu-types v0.19.2
   Compiling winapi-util v0.1.11
   Compiling windows-targets v0.52.6
   Compiling gpu-alloc v0.6.0
   Compiling profiling v1.0.18
   Compiling itoa v1.0.18
   Compiling windows-core v0.52.0
   Compiling parking_lot v0.12.5
   Compiling arrayvec v0.7.6
   Compiling renderdoc-sys v1.1.0
   Compiling raw-window-handle v0.6.2
   Compiling range-alloc v0.1.5
   Compiling gl_generator v0.14.0
   Compiling termcolor v1.4.1
   Compiling typed-path v0.12.3
   Compiling glow v0.13.1
   Compiling colorwake_core v0.1.0 (D:\git\CepheusLabs\colorwake-studio\crates\colorwake_core)
   Compiling zip v2.4.2
   Compiling wgpu-core v0.19.4
   Compiling fdeflate v0.3.7
   Compiling byteorder-lite v0.1.0
   Compiling zune-core v0.5.1
   Compiling quick-error v2.0.1
   Compiling pxfm v0.1.29
   Compiling wgpu v0.19.4
   Compiling static_assertions v1.1.0
   Compiling base64 v0.22.1
   Compiling glam v0.27.0
   Compiling pollster v0.3.0
   Compiling codespan-reporting v0.11.1
   Compiling image-webp v0.2.4
   Compiling windows v0.52.0
   Compiling flate2 v1.1.9
   Compiling glutin_wgl_sys v0.5.0
   Compiling zune-jpeg v0.5.15
   Compiling png v0.18.1
   Compiling zip v8.6.0
   Compiling serde_derive v1.0.228
   Compiling thiserror-impl v2.0.18
   Compiling thiserror-impl v1.0.69
   Compiling bytemuck_derive v1.10.2
   Compiling displaydoc v0.2.5
   Compiling com_macros_support v0.6.0
   Compiling bytemuck v1.25.0
   Compiling naga v0.19.2
   Compiling libloading v0.7.4
   Compiling d3d12 v0.19.0
   Compiling com_macros v0.6.0
   Compiling com v0.6.0
   Compiling hassle-rs v0.11.0
   Compiling printdeck-color v0.1.0 (D:\git\CepheusLabs\colorwake-studio\shared\printdeck\rust-contracts\crates\printdeck-color)
   Compiling quick-xml v0.39.4
   Compiling gpu-allocator v0.25.0
   Compiling printdeck-color-model v0.1.0 (D:\git\CepheusLabs\colorwake-studio\shared\printdeck\color-model)
   Compiling moxcms v0.8.1
   Compiling printdeck-color-composition v0.1.0 (D:\git\CepheusLabs\colorwake-studio\shared\printdeck\color-composition)
   Compiling hashbrown v0.14.5
   Compiling gpu-descriptor v0.2.4
   Compiling threemf v0.1.0 (D:\git\CepheusLabs\colorwake-studio\shared\threemf\rust\threemf)
   Compiling image v0.25.10
   Compiling colorwake_export v0.1.0 (D:\git\CepheusLabs\colorwake-studio\crates\colorwake_export)
   Compiling colorwake_native v0.1.0 (D:\git\CepheusLabs\colorwake-studio\crates\colorwake_native)
    Finished `release` profile [optimized] target(s) in 45.22s
Resolving dependencies...
Downloading packages...
  cli_util 0.4.2 (0.5.1 available)
  code_assets 1.0.0 (1.2.1 available)
  file_picker 8.3.7 (11.0.2 available)
  file_selector_android 0.5.2+6 (0.5.2+8 available)
! file_selector_ios 0.5.3+5 from path ..\..\vendor\file_selector_ios (overridden)
  file_selector_web 0.9.4+2 (0.9.5 available)
  flutter_plugin_android_lifecycle 2.0.34 (2.0.35 available)
  flutter_riverpod 2.6.1 (3.3.1 available)
  flutter_secure_storage 10.3.0 (10.3.1 available)
  flutter_secure_storage_darwin 0.3.2 (0.4.0 available)
  flutter_secure_storage_windows 4.1.0 (4.2.2 available)
  go_router 14.8.1 (17.3.0 available)
  google_sign_in_android 7.2.10 (7.2.13 available)
  hooks 1.0.3 (2.0.2 available)
  image 4.8.0 (4.9.1 available)
  json_annotation 4.11.0 (4.12.0 available)
  lucide_icons_flutter 3.1.13 (3.1.14+2 available)
  matcher 0.12.19 (0.12.20 available)
  meta 1.17.0 (1.18.3 available)
  native_toolchain_c 0.17.6 (0.19.1 available)
  objective_c 9.3.0 (9.4.1 available)
  package_info_plus 8.3.1 (10.1.0 available)
  package_info_plus_platform_interface 3.2.1 (4.1.0 available)
  riverpod 2.6.1 (3.2.1 available)
  shared_preferences_android 2.4.23 (2.4.25 available)
  sqlite3 3.3.1 (3.3.2 available)
  test_api 0.7.10 (0.7.12 available)
  url_launcher_android 6.3.29 (6.3.32 available)
  vector_math 2.2.0 (2.4.0 available)
  win32 5.15.0 (6.3.0 available)
  xml 6.6.1 (7.0.1 available)
Got dependencies!
30 packages have newer versions incompatible with dependency constraints.
Try `flutter pub outdated` for more information.
Resolving dependencies...
Downloading packages...
  cli_util 0.4.2 (0.5.1 available)
  code_assets 1.0.0 (1.2.1 available)
  file_picker 8.3.7 (11.0.2 available)
  file_selector_android 0.5.2+6 (0.5.2+8 available)
! file_selector_ios 0.5.3+5 from path ..\..\vendor\file_selector_ios (overridden)
  file_selector_web 0.9.4+2 (0.9.5 available)
  flutter_plugin_android_lifecycle 2.0.34 (2.0.35 available)
  flutter_riverpod 2.6.1 (3.3.1 available)
  flutter_secure_storage 10.3.0 (10.3.1 available)
  flutter_secure_storage_darwin 0.3.2 (0.4.0 available)
  flutter_secure_storage_windows 4.1.0 (4.2.2 available)
  go_router 14.8.1 (17.3.0 available)
  google_sign_in_android 7.2.10 (7.2.13 available)
  hooks 1.0.3 (2.0.2 available)
  image 4.8.0 (4.9.1 available)
  json_annotation 4.11.0 (4.12.0 available)
  lucide_icons_flutter 3.1.13 (3.1.14+2 available)
  matcher 0.12.19 (0.12.20 available)
  meta 1.17.0 (1.18.3 available)
  native_toolchain_c 0.17.6 (0.19.1 available)
  objective_c 9.3.0 (9.4.1 available)
  package_info_plus 8.3.1 (10.1.0 available)
  package_info_plus_platform_interface 3.2.1 (4.1.0 available)
  riverpod 2.6.1 (3.2.1 available)
  shared_preferences_android 2.4.23 (2.4.25 available)
  sqlite3 3.3.1 (3.3.2 available)
  test_api 0.7.10 (0.7.12 available)
  url_launcher_android 6.3.29 (6.3.32 available)
  vector_math 2.2.0 (2.4.0 available)
  win32 5.15.0 (6.3.0 available)
  xml 6.6.1 (7.0.1 available)
Got dependencies!
30 packages have newer versions incompatible with dependency constraints.
Try `flutter pub outdated` for more information.
Building Windows application...                                    85.4s
√ Built build\windows\x64\runner\Release\colorwake_studio.exe
=== COLORWAKE-WIN DONE exit=0 ===
