=== deckhand build (org com.cepheuslabs) ===
Resolving dependencies...
Downloading packages...
! archive 4.0.9 (overridden)
  bonsoir 5.1.11 (7.1.1 available)
  bonsoir_android 5.1.6 (7.1.1 available)
  bonsoir_darwin 5.1.3 (7.1.0 available)
  bonsoir_linux 5.1.3 (7.1.0 available)
  bonsoir_platform_interface 5.1.3 (7.0.0 available)
  bonsoir_windows 5.1.5 (7.1.0 available)
  code_assets 1.0.0 (1.2.1 available)
  dbus 0.7.12 (0.7.14 available)
  flutter_riverpod 2.6.1 (3.3.1 available)
  flutter_secure_storage 10.0.0 (10.3.1 available)
  flutter_secure_storage_darwin 0.2.0 (0.4.0 available)
  flutter_secure_storage_linux 3.0.0 (3.0.1 available)
  flutter_secure_storage_web 2.1.0 (2.1.1 available)
  flutter_secure_storage_windows 4.1.0 (4.2.2 available)
  go_router 14.8.1 (17.3.0 available)
  hooks 1.0.2 (2.0.2 available)
  json_annotation 4.11.0 (4.12.0 available)
  matcher 0.12.19 (0.12.20 available)
  meta 1.17.0 (1.18.3 available)
  native_toolchain_c 0.17.6 (0.19.1 available)
  objective_c 9.3.0 (9.4.1 available)
  package_info_plus 8.3.1 (10.1.0 available)
  package_info_plus_platform_interface 3.2.1 (4.1.0 available)
  riverpod 2.6.1 (3.2.1 available)
  shared_preferences_android 2.4.23 (2.4.25 available)
  slang 4.14.0 (4.15.0 available)
  slang_flutter 4.14.0 (4.15.0 available)
  test_api 0.7.10 (0.7.12 available)
  vector_math 2.2.0 (2.4.0 available)
  vm_service 15.1.0 (15.2.0 available)
  win32 5.15.0 (6.3.0 available)
  window_manager 0.4.3 (0.5.1 available)
  xml 6.6.1 (7.0.1 available)
Got dependencies!
33 packages have newer versions incompatible with dependency constraints.
Try `flutter pub outdated` for more information.
Running Gradle task 'assembleRelease'...                        
Font asset "lucide.ttf" was tree-shaken, reducing it from 823752 to 6236 bytes (99.2% reduction). Tree-shaking can be disabled by providing the --no-tree-shake-icons flag when building your app.
Font asset "CupertinoIcons.ttf" was tree-shaken, reducing it from 257628 to 848 bytes (99.7% reduction). Tree-shaking can be disabled by providing the --no-tree-shake-icons flag when building your app.
Font asset "MaterialIcons-Regular.otf" was tree-shaken, reducing it from 1645184 to 13172 bytes (99.2% reduction). Tree-shaking can be disabled by providing the --no-tree-shake-icons flag when building your app.
e: Daemon compilation failed: null
java.lang.Exception
	at org.jetbrains.kotlin.daemon.common.CompileService$CallResult$Error.get(CompileService.kt:69)
	at org.jetbrains.kotlin.daemon.common.CompileService$CallResult$Error.get(CompileService.kt:65)
	at org.jetbrains.kotlin.compilerRunner.GradleKotlinCompilerWork.compileWithDaemon(GradleKotlinCompilerWork.kt:240)
	at org.jetbrains.kotlin.compilerRunner.GradleKotlinCompilerWork.compileWithDaemonOrFallbackImpl(GradleKotlinCompilerWork.kt:159)
	at org.jetbrains.kotlin.compilerRunner.GradleKotlinCompilerWork.run(GradleKotlinCompilerWork.kt:111)
	at org.jetbrains.kotlin.compilerRunner.GradleCompilerRunnerWithWorkers$GradleKotlinCompilerWorkAction.execute(GradleCompilerRunnerWithWorkers.kt:74)
	at org.gradle.workers.internal.DefaultWorkerServer.execute(DefaultWorkerServer.java:63)
	at org.gradle.workers.internal.NoIsolationWorkerFactory$1$1.create(NoIsolationWorkerFactory.java:66)
	at org.gradle.workers.internal.NoIsolationWorkerFactory$1$1.create(NoIsolationWorkerFactory.java:62)
	at org.gradle.internal.classloader.ClassLoaderUtils.executeInClassloader(ClassLoaderUtils.java:100)
	at org.gradle.workers.internal.NoIsolationWorkerFactory$1.lambda$execute$0(NoIsolationWorkerFactory.java:62)
	at org.gradle.workers.internal.AbstractWorker$1.call(AbstractWorker.java:44)
	at org.gradle.workers.internal.AbstractWorker$1.call(AbstractWorker.java:41)
	at org.gradle.internal.operations.DefaultBuildOperationRunner$CallableBuildOperationWorker.execute(DefaultBuildOperationRunner.java:210)
	at org.gradle.internal.operations.DefaultBuildOperationRunner$CallableBuildOperationWorker.execute(DefaultBuildOperationRunner.java:205)
	at org.gradle.internal.operations.DefaultBuildOperationRunner$2.execute(DefaultBuildOperationRunner.java:67)
	at org.gradle.internal.operations.DefaultBuildOperationRunner$2.execute(DefaultBuildOperationRunner.java:60)
	at org.gradle.internal.operations.DefaultBuildOperationRunner.execute(DefaultBuildOperationRunner.java:167)
	at org.gradle.internal.operations.DefaultBuildOperationRunner.execute(DefaultBuildOperationRunner.java:60)
	at org.gradle.internal.operations.DefaultBuildOperationRunner.call(DefaultBuildOperationRunner.java:54)
	at org.gradle.workers.internal.AbstractWorker.executeWrappedInBuildOperation(AbstractWorker.java:41)
	at org.gradle.workers.internal.NoIsolationWorkerFactory$1.execute(NoIsolationWorkerFactory.java:59)
	at org.gradle.workers.internal.DefaultWorkerExecutor.lambda$submitWork$0(DefaultWorkerExecutor.java:174)
	at java.base/java.util.concurrent.FutureTask.run(Unknown Source)
	at org.gradle.internal.work.DefaultConditionalExecutionQueue$ExecutionRunner.runExecution(DefaultConditionalExecutionQueue.java:194)
	at org.gradle.internal.work.DefaultConditionalExecutionQueue$ExecutionRunner.access$700(DefaultConditionalExecutionQueue.java:127)
	at org.gradle.internal.work.DefaultConditionalExecutionQueue$ExecutionRunner$1.run(DefaultConditionalExecutionQueue.java:169)
	at org.gradle.internal.Factories$1.create(Factories.java:31)
	at org.gradle.internal.work.DefaultWorkerLeaseService.withLocks(DefaultWorkerLeaseService.java:263)
	at org.gradle.internal.work.DefaultWorkerLeaseService.runAsWorkerThread(DefaultWorkerLeaseService.java:127)
	at org.gradle.internal.work.DefaultWorkerLeaseService.runAsWorkerThread(DefaultWorkerLeaseService.java:132)
	at org.gradle.internal.work.DefaultConditionalExecutionQueue$ExecutionRunner.runBatch(DefaultConditionalExecutionQueue.java:164)
	at org.gradle.internal.work.DefaultConditionalExecutionQueue$ExecutionRunner.run(DefaultConditionalExecutionQueue.java:133)
	at java.base/java.util.concurrent.Executors$RunnableAdapter.call(Unknown Source)
	at java.base/java.util.concurrent.FutureTask.run(Unknown Source)
	at org.gradle.internal.concurrent.ExecutorPolicy$CatchAndRecordFailures.onExecute(ExecutorPolicy.java:64)
	at org.gradle.internal.concurrent.AbstractManagedExecutor$1.run(AbstractManagedExecutor.java:48)
	at java.base/java.util.concurrent.ThreadPoolExecutor.runWorker(Unknown Source)
	at java.base/java.util.concurrent.ThreadPoolExecutor$Worker.run(Unknown Source)
	at java.base/java.lang.Thread.run(Unknown Source)
Caused by: java.lang.AssertionError: java.lang.Exception: Could not close incremental caches in D:\git\CepheusLabs\deckhand-app\app\build\bonsoir_android\kotlin\compileReleaseKotlin\cacheable\caches-jvm\jvm\kotlin: class-fq-name-to-source.tab, source-to-classes.tab, internal-name-to-source.tab
	at org.jetbrains.kotlin.com.google.common.io.Closer.close(Closer.java:218)
	at org.jetbrains.kotlin.incremental.IncrementalCachesManager.close(IncrementalCachesManager.kt:55)
	at kotlin.io.CloseableKt.closeFinally(Closeable.kt:46)
	at org.jetbrains.kotlin.incremental.IncrementalCompilerRunner.compileNonIncrementally(IncrementalCompilerRunner.kt:293)
	at org.jetbrains.kotlin.incremental.IncrementalCompilerRunner.compile(IncrementalCompilerRunner.kt:128)
	at org.jetbrains.kotlin.daemon.CompileServiceImplBase.execIncrementalCompiler(CompileServiceImpl.kt:684)
	at org.jetbrains.kotlin.daemon.CompileServiceImplBase.access$execIncrementalCompiler(CompileServiceImpl.kt:94)
	at org.jetbrains.kotlin.daemon.CompileServiceImpl.compile(CompileServiceImpl.kt:1810)
	at java.base/jdk.internal.reflect.DirectMethodHandleAccessor.invoke(Unknown Source)
	at java.base/java.lang.reflect.Method.invoke(Unknown Source)
	at java.rmi/sun.rmi.server.UnicastServerRef.dispatch(Unknown Source)
	at java.rmi/sun.rmi.transport.Transport$1.run(Unknown Source)
	at java.rmi/sun.rmi.transport.Transport$1.run(Unknown Source)
	at java.base/java.security.AccessController.doPrivileged(Unknown Source)
	at java.rmi/sun.rmi.transport.Transport.serviceCall(Unknown Source)
	at java.rmi/sun.rmi.transport.tcp.TCPTransport.handleMessages(Unknown Source)
	at java.rmi/sun.rmi.transport.tcp.TCPTransport$ConnectionHandler.run0(Unknown Source)
	at java.rmi/sun.rmi.transport.tcp.TCPTransport$ConnectionHandler.lambda$run$0(Unknown Source)
	at java.base/java.security.AccessController.doPrivileged(Unknown Source)
	at java.rmi/sun.rmi.transport.tcp.TCPTransport$ConnectionHandler.run(Unknown Source)
	... 3 more
Caused by: java.lang.Exception: Could not close incremental caches in D:\git\CepheusLabs\deckhand-app\app\build\bonsoir_android\kotlin\compileReleaseKotlin\cacheable\caches-jvm\jvm\kotlin: class-fq-name-to-source.tab, source-to-classes.tab, internal-name-to-source.tab
	at org.jetbrains.kotlin.incremental.storage.BasicMapsOwner.forEachMapSafe(BasicMapsOwner.kt:95)
	at org.jetbrains.kotlin.incremental.storage.BasicMapsOwner.close(BasicMapsOwner.kt:53)
	at org.jetbrains.kotlin.com.google.common.io.Closer.close(Closer.java:205)
	... 22 more
	Suppressed: java.lang.IllegalStateException: Storage for [D:\git\CepheusLabs\deckhand-app\app\build\bonsoir_android\kotlin\compileReleaseKotlin\cacheable\caches-jvm\jvm\kotlin\class-fq-name-to-source.tab] is already registered
		at org.jetbrains.kotlin.com.intellij.util.io.FilePageCache.registerPagedFileStorage(FilePageCache.java:410)
		at org.jetbrains.kotlin.com.intellij.util.io.PagedFileStorage.<init>(PagedFileStorage.java:72)
		at org.jetbrains.kotlin.com.intellij.util.io.ResizeableMappedFile.<init>(ResizeableMappedFile.java:68)
		at org.jetbrains.kotlin.com.intellij.util.io.PersistentBTreeEnumerator.<init>(PersistentBTreeEnumerator.java:128)
		at org.jetbrains.kotlin.com.intellij.util.io.PersistentEnumerator.createDefaultEnumerator(PersistentEnumerator.java:52)
		at org.jetbrains.kotlin.com.intellij.util.io.PersistentMapImpl.<init>(PersistentMapImpl.java:165)
		at org.jetbrains.kotlin.com.intellij.util.io.PersistentMapImpl.<init>(PersistentMapImpl.java:140)
		at org.jetbrains.kotlin.com.intellij.util.io.PersistentMapBuilder.buildImplementation(PersistentMapBuilder.java:88)
		at org.jetbrains.kotlin.com.intellij.util.io.PersistentMapBuilder.build(PersistentMapBuilder.java:71)
		at org.jetbrains.kotlin.com.intellij.util.io.PersistentHashMap.<init>(PersistentHashMap.java:46)
		at org.jetbrains.kotlin.com.intellij.util.io.PersistentHashMap.<init>(PersistentHashMap.java:72)
		at org.jetbrains.kotlin.incremental.storage.LazyStorage.createMap(LazyStorage.kt:62)
		at org.jetbrains.kotlin.incremental.storage.LazyStorage.getStorageOrCreateNew(LazyStorage.kt:59)
		at org.jetbrains.kotlin.incremental.storage.LazyStorage.set(LazyStorage.kt:80)
		at org.jetbrains.kotlin.incremental.storage.InMemoryStorage.applyChanges(InMemoryStorage.kt:108)
		at org.jetbrains.kotlin.incremental.storage.InMemoryStorage.close(InMemoryStorage.kt:136)
		at org.jetbrains.kotlin.incremental.storage.PersistentStorageWrapper.close(PersistentStorage.kt:124)
		at org.jetbrains.kotlin.incremental.storage.BasicMapsOwner$close$1.invoke(BasicMapsOwner.kt:53)
		at org.jetbrains.kotlin.incremental.storage.BasicMapsOwner$close$1.invoke(BasicMapsOwner.kt:53)
		at org.jetbrains.kotlin.incremental.storage.BasicMapsOwner.forEachMapSafe(BasicMapsOwner.kt:87)
		... 24 more
		Suppressed: java.lang.Exception: Storage[D:\git\CepheusLabs\deckhand-app\app\build\bonsoir_android\kotlin\compileReleaseKotlin\cacheable\caches-jvm\jvm\kotlin\class-fq-name-to-source.tab] registration stack trace
			at org.jetbrains.kotlin.com.intellij.util.io.FilePageCache.registerPagedFileStorage(FilePageCache.java:437)
			... 43 more
	Suppressed: java.lang.IllegalStateException: Storage for [D:\git\CepheusLabs\deckhand-app\app\build\bonsoir_android\kotlin\compileReleaseKotlin\cacheable\caches-jvm\jvm\kotlin\source-to-classes.tab] is already registered
		at org.jetbrains.kotlin.com.intellij.util.io.FilePageCache.registerPagedFileStorage(FilePageCache.java:410)
		at org.jetbrains.kotlin.com.intellij.util.io.PagedFileStorage.<init>(PagedFileStorage.java:72)
		at org.jetbrains.kotlin.com.intellij.util.io.ResizeableMappedFile.<init>(ResizeableMappedFile.java:68)
		at org.jetbrains.kotlin.com.intellij.util.io.PersistentBTreeEnumerator.<init>(PersistentBTreeEnumerator.java:128)
		at org.jetbrains.kotlin.com.intellij.util.io.PersistentEnumerator.createDefaultEnumerator(PersistentEnumerator.java:52)
		at org.jetbrains.kotlin.com.intellij.util.io.PersistentMapImpl.<init>(PersistentMapImpl.java:165)
		at org.jetbrains.kotlin.com.intellij.util.io.PersistentMapImpl.<init>(PersistentMapImpl.java:140)
		at org.jetbrains.kotlin.com.intellij.util.io.PersistentMapBuilder.buildImplementation(PersistentMapBuilder.java:88)
		at org.jetbrains.kotlin.com.intellij.util.io.PersistentMapBuilder.build(PersistentMapBuilder.java:71)
		at org.jetbrains.kotlin.com.intellij.util.io.PersistentHashMap.<init>(PersistentHashMap.java:46)
		at org.jetbrains.kotlin.com.intellij.util.io.PersistentHashMap.<init>(PersistentHashMap.java:72)
		at org.jetbrains.kotlin.incremental.storage.LazyStorage.createMap(LazyStorage.kt:62)
		at org.jetbrains.kotlin.incremental.storage.LazyStorage.getStorageOrCreateNew(LazyStorage.kt:59)
		at org.jetbrains.kotlin.incremental.storage.LazyStorage.set(LazyStorage.kt:80)
		at org.jetbrains.kotlin.incremental.storage.InMemoryStorage.applyChanges(InMemoryStorage.kt:108)
		at org.jetbrains.kotlin.incremental.storage.AppendableInMemoryStorage.applyChanges(InMemoryStorage.kt:179)
		at org.jetbrains.kotlin.incremental.storage.InMemoryStorage.close(InMemoryStorage.kt:136)
		at org.jetbrains.kotlin.incremental.storage.AppendableSetBasicMap.close(BasicMap.kt:157)
		at org.jetbrains.kotlin.incremental.storage.BasicMapsOwner$close$1.invoke(BasicMapsOwner.kt:53)
		at org.jetbrains.kotlin.incremental.storage.BasicMapsOwner$close$1.invoke(BasicMapsOwner.kt:53)
		at org.jetbrains.kotlin.incremental.storage.BasicMapsOwner.forEachMapSafe(BasicMapsOwner.kt:87)
		... 24 more
		Suppressed: java.lang.Exception: Storage[D:\git\CepheusLabs\deckhand-app\app\build\bonsoir_android\kotlin\compileReleaseKotlin\cacheable\caches-jvm\jvm\kotlin\source-to-classes.tab] registration stack trace
			at org.jetbrains.kotlin.com.intellij.util.io.FilePageCache.registerPagedFileStorage(FilePageCache.java:437)
			... 44 more
	Suppressed: java.lang.IllegalStateException: Storage for [D:\git\CepheusLabs\deckhand-app\app\build\bonsoir_android\kotlin\compileReleaseKotlin\cacheable\caches-jvm\jvm\kotlin\internal-name-to-source.tab] is already registered
		at org.jetbrains.kotlin.com.intellij.util.io.FilePageCache.registerPagedFileStorage(FilePageCache.java:410)
		at org.jetbrains.kotlin.com.intellij.util.io.PagedFileStorage.<init>(PagedFileStorage.java:72)
		at org.jetbrains.kotlin.com.intellij.util.io.ResizeableMappedFile.<init>(ResizeableMappedFile.java:68)
		at org.jetbrains.kotlin.com.intellij.util.io.PersistentBTreeEnumerator.<init>(PersistentBTreeEnumerator.java:128)
		at org.jetbrains.kotlin.com.intellij.util.io.PersistentEnumerator.createDefaultEnumerator(PersistentEnumerator.java:52)
		at org.jetbrains.kotlin.com.intellij.util.io.PersistentMapImpl.<init>(PersistentMapImpl.java:165)
		at org.jetbrains.kotlin.com.intellij.util.io.PersistentMapImpl.<init>(PersistentMapImpl.java:140)
		at org.jetbrains.kotlin.com.intellij.util.io.PersistentMapBuilder.buildImplementation(PersistentMapBuilder.java:88)
		at org.jetbrains.kotlin.com.intellij.util.io.PersistentMapBuilder.build(PersistentMapBuilder.java:71)
		at org.jetbrains.kotlin.com.intellij.util.io.PersistentHashMap.<init>(PersistentHashMap.java:46)
		at org.jetbrains.kotlin.com.intellij.util.io.PersistentHashMap.<init>(PersistentHashMap.java:72)
		at org.jetbrains.kotlin.incremental.storage.LazyStorage.createMap(LazyStorage.kt:62)
		at org.jetbrains.kotlin.incremental.storage.LazyStorage.getStorageOrCreateNew(LazyStorage.kt:59)
		at org.jetbrains.kotlin.incremental.storage.LazyStorage.set(LazyStorage.kt:80)
		at org.jetbrains.kotlin.incremental.storage.InMemoryStorage.applyChanges(InMemoryStorage.kt:108)
		at org.jetbrains.kotlin.incremental.storage.AppendableInMemoryStorage.applyChanges(InMemoryStorage.kt:179)
		at org.jetbrains.kotlin.incremental.storage.InMemoryStorage.close(InMemoryStorage.kt:136)
		at org.jetbrains.kotlin.incremental.storage.PersistentStorageWrapper.close(PersistentStorage.kt:124)
		at org.jetbrains.kotlin.incremental.storage.BasicMapsOwner$close$1.invoke(BasicMapsOwner.kt:53)
		at org.jetbrains.kotlin.incremental.storage.BasicMapsOwner$close$1.invoke(BasicMapsOwner.kt:53)
		at org.jetbrains.kotlin.incremental.storage.BasicMapsOwner.forEachMapSafe(BasicMapsOwner.kt:87)
		... 24 more
		Suppressed: java.lang.Exception: Storage[D:\git\CepheusLabs\deckhand-app\app\build\bonsoir_android\kotlin\compileReleaseKotlin\cacheable\caches-jvm\jvm\kotlin\internal-name-to-source.tab] registration stack trace
			at org.jetbrains.kotlin.com.intellij.util.io.FilePageCache.registerPagedFileStorage(FilePageCache.java:437)
			... 44 more
	Suppressed: java.lang.Exception: Could not close incremental caches in D:\git\CepheusLabs\deckhand-app\app\build\bonsoir_android\kotlin\compileReleaseKotlin\cacheable\caches-jvm\lookups: id-to-file.tab, file-to-id.tab
		at org.jetbrains.kotlin.incremental.storage.BasicMapsOwner.forEachMapSafe(BasicMapsOwner.kt:95)
		at org.jetbrains.kotlin.incremental.storage.BasicMapsOwner.close(BasicMapsOwner.kt:53)
		at org.jetbrains.kotlin.incremental.LookupStorage.close(LookupStorage.kt:155)
		... 23 more
		Suppressed: java.lang.IllegalStateException: Storage for [D:\git\CepheusLabs\deckhand-app\app\build\bonsoir_android\kotlin\compileReleaseKotlin\cacheable\caches-jvm\lookups\id-to-file.tab] is already registered
			at org.jetbrains.kotlin.com.intellij.util.io.FilePageCache.registerPagedFileStorage(FilePageCache.java:410)
			at org.jetbrains.kotlin.com.intellij.util.io.PagedFileStorage.<init>(PagedFileStorage.java:72)
			at org.jetbrains.kotlin.com.intellij.util.io.ResizeableMappedFile.<init>(ResizeableMappedFile.java:68)
			at org.jetbrains.kotlin.com.intellij.util.io.PersistentBTreeEnumerator.<init>(PersistentBTreeEnumerator.java:128)
			at org.jetbrains.kotlin.com.intellij.util.io.PersistentEnumerator.createDefaultEnumerator(PersistentEnumerator.java:52)
			at org.jetbrains.kotlin.com.intellij.util.io.PersistentMapImpl.<init>(PersistentMapImpl.java:165)
			at org.jetbrains.kotlin.com.intellij.util.io.PersistentMapImpl.<init>(PersistentMapImpl.java:140)
			at org.jetbrains.kotlin.com.intellij.util.io.PersistentMapBuilder.buildImplementation(PersistentMapBuilder.java:88)
			at org.jetbrains.kotlin.com.intellij.util.io.PersistentMapBuilder.build(PersistentMapBuilder.java:71)
			at org.jetbrains.kotlin.com.intellij.util.io.PersistentHashMap.<init>(PersistentHashMap.java:46)
			at org.jetbrains.kotlin.com.intellij.util.io.PersistentHashMap.<init>(PersistentHashMap.java:72)
			at org.jetbrains.kotlin.incremental.storage.LazyStorage.createMap(LazyStorage.kt:62)
			at org.jetbrains.kotlin.incremental.storage.LazyStorage.getStorageOrCreateNew(LazyStorage.kt:59)
			at org.jetbrains.kotlin.incremental.storage.LazyStorage.set(LazyStorage.kt:80)
			at org.jetbrains.kotlin.incremental.storage.InMemoryStorage.applyChanges(InMemoryStorage.kt:108)
			at org.jetbrains.kotlin.incremental.storage.InMemoryStorage.close(InMemoryStorage.kt:136)
			at org.jetbrains.kotlin.incremental.storage.PersistentStorageWrapper.close(PersistentStorage.kt:124)
			at org.jetbrains.kotlin.incremental.storage.BasicMapsOwner$close$1.invoke(BasicMapsOwner.kt:53)
			at org.jetbrains.kotlin.incremental.storage.BasicMapsOwner$close$1.invoke(BasicMapsOwner.kt:53)
			at org.jetbrains.kotlin.incremental.storage.BasicMapsOwner.forEachMapSafe(BasicMapsOwner.kt:87)
			... 25 more
			Suppressed: java.lang.Exception: Storage[D:\git\CepheusLabs\deckhand-app\app\build\bonsoir_android\kotlin\compileReleaseKotlin\cacheable\caches-jvm\lookups\id-to-file.tab] registration stack trace
				at org.jetbrains.kotlin.com.intellij.util.io.FilePageCache.registerPagedFileStorage(FilePageCache.java:437)
				... 44 more
		Suppressed: java.lang.IllegalStateException: Storage for [D:\git\CepheusLabs\deckhand-app\app\build\bonsoir_android\kotlin\compileReleaseKotlin\cacheable\caches-jvm\lookups\file-to-id.tab] is already registered
			at org.jetbrains.kotlin.com.intellij.util.io.FilePageCache.registerPagedFileStorage(FilePageCache.java:410)
			at org.jetbrains.kotlin.com.intellij.util.io.PagedFileStorage.<init>(PagedFileStorage.java:72)
			at org.jetbrains.kotlin.com.intellij.util.io.ResizeableMappedFile.<init>(ResizeableMappedFile.java:68)
			at org.jetbrains.kotlin.com.intellij.util.io.PersistentBTreeEnumerator.<init>(PersistentBTreeEnumerator.java:128)
			at org.jetbrains.kotlin.com.intellij.util.io.PersistentEnumerator.createDefaultEnumerator(PersistentEnumerator.java:52)
			at org.jetbrains.kotlin.com.intellij.util.io.PersistentMapImpl.<init>(PersistentMapImpl.java:165)
			at org.jetbrains.kotlin.com.intellij.util.io.PersistentMapImpl.<init>(PersistentMapImpl.java:140)
			at org.jetbrains.kotlin.com.intellij.util.io.PersistentMapBuilder.buildImplementation(PersistentMapBuilder.java:88)
			at org.jetbrains.kotlin.com.intellij.util.io.PersistentMapBuilder.build(PersistentMapBuilder.java:71)
			at org.jetbrains.kotlin.com.intellij.util.io.PersistentHashMap.<init>(PersistentHashMap.java:46)
			at org.jetbrains.kotlin.com.intellij.util.io.PersistentHashMap.<init>(PersistentHashMap.java:72)
			at org.jetbrains.kotlin.incremental.storage.LazyStorage.createMap(LazyStorage.kt:62)
			at org.jetbrains.kotlin.incremental.storage.LazyStorage.getStorageOrCreateNew(LazyStorage.kt:59)
			at org.jetbrains.kotlin.incremental.storage.LazyStorage.set(LazyStorage.kt:80)
			at org.jetbrains.kotlin.incremental.storage.InMemoryStorage.applyChanges(InMemoryStorage.kt:108)
			at org.jetbrains.kotlin.incremental.storage.InMemoryStorage.close(InMemoryStorage.kt:136)
			at org.jetbrains.kotlin.incremental.storage.PersistentStorageWrapper.close(PersistentStorage.kt:124)
			at org.jetbrains.kotlin.incremental.storage.BasicMapsOwner$close$1.invoke(BasicMapsOwner.kt:53)
			at org.jetbrains.kotlin.incremental.storage.BasicMapsOwner$close$1.invoke(BasicMapsOwner.kt:53)
			at org.jetbrains.kotlin.incremental.storage.BasicMapsOwner.forEachMapSafe(BasicMapsOwner.kt:87)
			... 25 more
			Suppressed: java.lang.Exception: Storage[D:\git\CepheusLabs\deckhand-app\app\build\bonsoir_android\kotlin\compileReleaseKotlin\cacheable\caches-jvm\lookups\file-to-id.tab] registration stack trace
				at org.jetbrains.kotlin.com.intellij.util.io.FilePageCache.registerPagedFileStorage(FilePageCache.java:437)
				... 44 more
	Suppressed: java.lang.Exception: Could not close incremental caches in D:\git\CepheusLabs\deckhand-app\app\build\bonsoir_android\kotlin\compileReleaseKotlin\cacheable\caches-jvm\inputs: source-to-output.tab
		... 25 more
		Suppressed: java.lang.IllegalStateException: Storage for [D:\git\CepheusLabs\deckhand-app\app\build\bonsoir_android\kotlin\compileReleaseKotlin\cacheable\caches-jvm\inputs\source-to-output.tab] is already registered
			at org.jetbrains.kotlin.com.intellij.util.io.FilePageCache.registerPagedFileStorage(FilePageCache.java:410)
			at org.jetbrains.kotlin.com.intellij.util.io.PagedFileStorage.<init>(PagedFileStorage.java:72)
			at org.jetbrains.kotlin.com.intellij.util.io.ResizeableMappedFile.<init>(ResizeableMappedFile.java:68)
			at org.jetbrains.kotlin.com.intellij.util.io.PersistentBTreeEnumerator.<init>(PersistentBTreeEnumerator.java:128)
			at org.jetbrains.kotlin.com.intellij.util.io.PersistentEnumerator.createDefaultEnumerator(PersistentEnumerator.java:52)
			at org.jetbrains.kotlin.com.intellij.util.io.PersistentMapImpl.<init>(PersistentMapImpl.java:165)
			at org.jetbrains.kotlin.com.intellij.util.io.PersistentMapImpl.<init>(PersistentMapImpl.java:140)
			at org.jetbrains.kotlin.com.intellij.util.io.PersistentMapBuilder.buildImplementation(PersistentMapBuilder.java:88)
			at org.jetbrains.kotlin.com.intellij.util.io.PersistentMapBuilder.build(PersistentMapBuilder.java:71)
			at org.jetbrains.kotlin.com.intellij.util.io.PersistentHashMap.<init>(PersistentHashMap.java:46)
			at org.jetbrains.kotlin.com.intellij.util.io.PersistentHashMap.<init>(PersistentHashMap.java:72)
			at org.jetbrains.kotlin.incremental.storage.LazyStorage.createMap(LazyStorage.kt:62)
			at org.jetbrains.kotlin.incremental.storage.LazyStorage.getStorageOrCreateNew(LazyStorage.kt:59)
			at org.jetbrains.kotlin.incremental.storage.LazyStorage.set(LazyStorage.kt:80)
			at org.jetbrains.kotlin.incremental.storage.InMemoryStorage.applyChanges(InMemoryStorage.kt:108)
			at org.jetbrains.kotlin.incremental.storage.AppendableInMemoryStorage.applyChanges(InMemoryStorage.kt:179)
			at org.jetbrains.kotlin.incremental.storage.InMemoryStorage.close(InMemoryStorage.kt:136)
			at org.jetbrains.kotlin.incremental.storage.AppendableSetBasicMap.close(BasicMap.kt:157)
			at org.jetbrains.kotlin.incremental.storage.BasicMapsOwner$close$1.invoke(BasicMapsOwner.kt:53)
			at org.jetbrains.kotlin.incremental.storage.BasicMapsOwner$close$1.invoke(BasicMapsOwner.kt:53)
			at org.jetbrains.kotlin.incremental.storage.BasicMapsOwner.forEachMapSafe(BasicMapsOwner.kt:87)
			... 24 more
			Suppressed: java.lang.Exception: Storage[D:\git\CepheusLabs\deckhand-app\app\build\bonsoir_android\kotlin\compileReleaseKotlin\cacheable\caches-jvm\inputs\source-to-output.tab] registration stack trace
				at org.jetbrains.kotlin.com.intellij.util.io.FilePageCache.registerPagedFileStorage(FilePageCache.java:437)
				... 44 more

e: Daemon compilation failed: null
java.lang.Exception
	at org.jetbrains.kotlin.daemon.common.CompileService$CallResult$Error.get(CompileService.kt:69)
	at org.jetbrains.kotlin.daemon.common.CompileService$CallResult$Error.get(CompileService.kt:65)
	at org.jetbrains.kotlin.compilerRunner.GradleKotlinCompilerWork.compileWithDaemon(GradleKotlinCompilerWork.kt:240)
	at org.jetbrains.kotlin.compilerRunner.GradleKotlinCompilerWork.compileWithDaemonOrFallbackImpl(GradleKotlinCompilerWork.kt:159)
	at org.jetbrains.kotlin.compilerRunner.GradleKotlinCompilerWork.run(GradleKotlinCompilerWork.kt:111)
	at org.jetbrains.kotlin.compilerRunner.GradleCompilerRunnerWithWorkers$GradleKotlinCompilerWorkAction.execute(GradleCompilerRunnerWithWorkers.kt:74)
	at org.gradle.workers.internal.DefaultWorkerServer.execute(DefaultWorkerServer.java:63)
	at org.gradle.workers.internal.NoIsolationWorkerFactory$1$1.create(NoIsolationWorkerFactory.java:66)
	at org.gradle.workers.internal.NoIsolationWorkerFactory$1$1.create(NoIsolationWorkerFactory.java:62)
	at org.gradle.internal.classloader.ClassLoaderUtils.executeInClassloader(ClassLoaderUtils.java:100)
	at org.gradle.workers.internal.NoIsolationWorkerFactory$1.lambda$execute$0(NoIsolationWorkerFactory.java:62)
	at org.gradle.workers.internal.AbstractWorker$1.call(AbstractWorker.java:44)
	at org.gradle.workers.internal.AbstractWorker$1.call(AbstractWorker.java:41)
	at org.gradle.internal.operations.DefaultBuildOperationRunner$CallableBuildOperationWorker.execute(DefaultBuildOperationRunner.java:210)
	at org.gradle.internal.operations.DefaultBuildOperationRunner$CallableBuildOperationWorker.execute(DefaultBuildOperationRunner.java:205)
	at org.gradle.internal.operations.DefaultBuildOperationRunner$2.execute(DefaultBuildOperationRunner.java:67)
	at org.gradle.internal.operations.DefaultBuildOperationRunner$2.execute(DefaultBuildOperationRunner.java:60)
	at org.gradle.internal.operations.DefaultBuildOperationRunner.execute(DefaultBuildOperationRunner.java:167)
	at org.gradle.internal.operations.DefaultBuildOperationRunner.execute(DefaultBuildOperationRunner.java:60)
	at org.gradle.internal.operations.DefaultBuildOperationRunner.call(DefaultBuildOperationRunner.java:54)
	at org.gradle.workers.internal.AbstractWorker.executeWrappedInBuildOperation(AbstractWorker.java:41)
	at org.gradle.workers.internal.NoIsolationWorkerFactory$1.execute(NoIsolationWorkerFactory.java:59)
	at org.gradle.workers.internal.DefaultWorkerExecutor.lambda$submitWork$0(DefaultWorkerExecutor.java:174)
	at java.base/java.util.concurrent.FutureTask.run(Unknown Source)
	at org.gradle.internal.work.DefaultConditionalExecutionQueue$ExecutionRunner.runExecution(DefaultConditionalExecutionQueue.java:194)
	at org.gradle.internal.work.DefaultConditionalExecutionQueue$ExecutionRunner.access$700(DefaultConditionalExecutionQueue.java:127)
	at org.gradle.internal.work.DefaultConditionalExecutionQueue$ExecutionRunner$1.run(DefaultConditionalExecutionQueue.java:169)
	at org.gradle.internal.Factories$1.create(Factories.java:31)
	at org.gradle.internal.work.DefaultWorkerLeaseService.withLocks(DefaultWorkerLeaseService.java:263)
	at org.gradle.internal.work.DefaultWorkerLeaseService.runAsWorkerThread(DefaultWorkerLeaseService.java:127)
	at org.gradle.internal.work.DefaultWorkerLeaseService.runAsWorkerThread(DefaultWorkerLeaseService.java:132)
	at org.gradle.internal.work.DefaultConditionalExecutionQueue$ExecutionRunner.runBatch(DefaultConditionalExecutionQueue.java:164)
	at org.gradle.internal.work.DefaultConditionalExecutionQueue$ExecutionRunner.run(DefaultConditionalExecutionQueue.java:133)
	at java.base/java.util.concurrent.Executors$RunnableAdapter.call(Unknown Source)
	at java.base/java.util.concurrent.FutureTask.run(Unknown Source)
	at org.gradle.internal.concurrent.ExecutorPolicy$CatchAndRecordFailures.onExecute(ExecutorPolicy.java:64)
	at org.gradle.internal.concurrent.AbstractManagedExecutor$1.run(AbstractManagedExecutor.java:48)
	at java.base/java.util.concurrent.ThreadPoolExecutor.runWorker(Unknown Source)
	at java.base/java.util.concurrent.ThreadPoolExecutor$Worker.run(Unknown Source)
	at java.base/java.lang.Thread.run(Unknown Source)
Caused by: java.lang.AssertionError: java.lang.Exception: Could not close incremental caches in D:\git\CepheusLabs\deckhand-app\app\build\package_info_plus\kotlin\compileReleaseKotlin\cacheable\caches-jvm\jvm\kotlin: class-fq-name-to-source.tab, source-to-classes.tab, internal-name-to-source.tab
	at org.jetbrains.kotlin.com.google.common.io.Closer.close(Closer.java:218)
	at org.jetbrains.kotlin.incremental.IncrementalCachesManager.close(IncrementalCachesManager.kt:55)
	at kotlin.io.CloseableKt.closeFinally(Closeable.kt:46)
	at org.jetbrains.kotlin.incremental.IncrementalCompilerRunner.compileNonIncrementally(IncrementalCompilerRunner.kt:293)
	at org.jetbrains.kotlin.incremental.IncrementalCompilerRunner.compile(IncrementalCompilerRunner.kt:128)
	at org.jetbrains.kotlin.daemon.CompileServiceImplBase.execIncrementalCompiler(CompileServiceImpl.kt:684)
	at org.jetbrains.kotlin.daemon.CompileServiceImplBase.access$execIncrementalCompiler(CompileServiceImpl.kt:94)
	at org.jetbrains.kotlin.daemon.CompileServiceImpl.compile(CompileServiceImpl.kt:1810)
	at java.base/jdk.internal.reflect.DirectMethodHandleAccessor.invoke(Unknown Source)
	at java.base/java.lang.reflect.Method.invoke(Unknown Source)
	at java.rmi/sun.rmi.server.UnicastServerRef.dispatch(Unknown Source)
	at java.rmi/sun.rmi.transport.Transport$1.run(Unknown Source)
	at java.rmi/sun.rmi.transport.Transport$1.run(Unknown Source)
	at java.base/java.security.AccessController.doPrivileged(Unknown Source)
	at java.rmi/sun.rmi.transport.Transport.serviceCall(Unknown Source)
	at java.rmi/sun.rmi.transport.tcp.TCPTransport.handleMessages(Unknown Source)
	at java.rmi/sun.rmi.transport.tcp.TCPTransport$ConnectionHandler.run0(Unknown Source)
	at java.rmi/sun.rmi.transport.tcp.TCPTransport$ConnectionHandler.lambda$run$0(Unknown Source)
	at java.base/java.security.AccessController.doPrivileged(Unknown Source)
	at java.rmi/sun.rmi.transport.tcp.TCPTransport$ConnectionHandler.run(Unknown Source)
	... 3 more
Caused by: java.lang.Exception: Could not close incremental caches in D:\git\CepheusLabs\deckhand-app\app\build\package_info_plus\kotlin\compileReleaseKotlin\cacheable\caches-jvm\jvm\kotlin: class-fq-name-to-source.tab, source-to-classes.tab, internal-name-to-source.tab
	at org.jetbrains.kotlin.incremental.storage.BasicMapsOwner.forEachMapSafe(BasicMapsOwner.kt:95)
	at org.jetbrains.kotlin.incremental.storage.BasicMapsOwner.close(BasicMapsOwner.kt:53)
	at org.jetbrains.kotlin.com.google.common.io.Closer.close(Closer.java:205)
	... 22 more
	Suppressed: java.lang.IllegalStateException: Storage for [D:\git\CepheusLabs\deckhand-app\app\build\package_info_plus\kotlin\compileReleaseKotlin\cacheable\caches-jvm\jvm\kotlin\class-fq-name-to-source.tab] is already registered
		at org.jetbrains.kotlin.com.intellij.util.io.FilePageCache.registerPagedFileStorage(FilePageCache.java:410)
		at org.jetbrains.kotlin.com.intellij.util.io.PagedFileStorage.<init>(PagedFileStorage.java:72)
		at org.jetbrains.kotlin.com.intellij.util.io.ResizeableMappedFile.<init>(ResizeableMappedFile.java:68)
		at org.jetbrains.kotlin.com.intellij.util.io.PersistentBTreeEnumerator.<init>(PersistentBTreeEnumerator.java:128)
		at org.jetbrains.kotlin.com.intellij.util.io.PersistentEnumerator.createDefaultEnumerator(PersistentEnumerator.java:52)
		at org.jetbrains.kotlin.com.intellij.util.io.PersistentMapImpl.<init>(PersistentMapImpl.java:165)
		at org.jetbrains.kotlin.com.intellij.util.io.PersistentMapImpl.<init>(PersistentMapImpl.java:140)
		at org.jetbrains.kotlin.com.intellij.util.io.PersistentMapBuilder.buildImplementation(PersistentMapBuilder.java:88)
		at org.jetbrains.kotlin.com.intellij.util.io.PersistentMapBuilder.build(PersistentMapBuilder.java:71)
		at org.jetbrains.kotlin.com.intellij.util.io.PersistentHashMap.<init>(PersistentHashMap.java:46)
		at org.jetbrains.kotlin.com.intellij.util.io.PersistentHashMap.<init>(PersistentHashMap.java:72)
		at org.jetbrains.kotlin.incremental.storage.LazyStorage.createMap(LazyStorage.kt:62)
		at org.jetbrains.kotlin.incremental.storage.LazyStorage.getStorageOrCreateNew(LazyStorage.kt:59)
		at org.jetbrains.kotlin.incremental.storage.LazyStorage.set(LazyStorage.kt:80)
		at org.jetbrains.kotlin.incremental.storage.InMemoryStorage.applyChanges(InMemoryStorage.kt:108)
		at org.jetbrains.kotlin.incremental.storage.InMemoryStorage.close(InMemoryStorage.kt:136)
		at org.jetbrains.kotlin.incremental.storage.PersistentStorageWrapper.close(PersistentStorage.kt:124)
		at org.jetbrains.kotlin.incremental.storage.BasicMapsOwner$close$1.invoke(BasicMapsOwner.kt:53)
		at org.jetbrains.kotlin.incremental.storage.BasicMapsOwner$close$1.invoke(BasicMapsOwner.kt:53)
		at org.jetbrains.kotlin.incremental.storage.BasicMapsOwner.forEachMapSafe(BasicMapsOwner.kt:87)
		... 24 more
		Suppressed: java.lang.Exception: Storage[D:\git\CepheusLabs\deckhand-app\app\build\package_info_plus\kotlin\compileReleaseKotlin\cacheable\caches-jvm\jvm\kotlin\class-fq-name-to-source.tab] registration stack trace
			at org.jetbrains.kotlin.com.intellij.util.io.FilePageCache.registerPagedFileStorage(FilePageCache.java:437)
			... 43 more
	Suppressed: java.lang.IllegalStateException: Storage for [D:\git\CepheusLabs\deckhand-app\app\build\package_info_plus\kotlin\compileReleaseKotlin\cacheable\caches-jvm\jvm\kotlin\source-to-classes.tab] is already registered
		at org.jetbrains.kotlin.com.intellij.util.io.FilePageCache.registerPagedFileStorage(FilePageCache.java:410)
		at org.jetbrains.kotlin.com.intellij.util.io.PagedFileStorage.<init>(PagedFileStorage.java:72)
		at org.jetbrains.kotlin.com.intellij.util.io.ResizeableMappedFile.<init>(ResizeableMappedFile.java:68)
		at org.jetbrains.kotlin.com.intellij.util.io.PersistentBTreeEnumerator.<init>(PersistentBTreeEnumerator.java:128)
		at org.jetbrains.kotlin.com.intellij.util.io.PersistentEnumerator.createDefaultEnumerator(PersistentEnumerator.java:52)
		at org.jetbrains.kotlin.com.intellij.util.io.PersistentMapImpl.<init>(PersistentMapImpl.java:165)
		at org.jetbrains.kotlin.com.intellij.util.io.PersistentMapImpl.<init>(PersistentMapImpl.java:140)
		at org.jetbrains.kotlin.com.intellij.util.io.PersistentMapBuilder.buildImplementation(PersistentMapBuilder.java:88)
		at org.jetbrains.kotlin.com.intellij.util.io.PersistentMapBuilder.build(PersistentMapBuilder.java:71)
		at org.jetbrains.kotlin.com.intellij.util.io.PersistentHashMap.<init>(PersistentHashMap.java:46)
		at org.jetbrains.kotlin.com.intellij.util.io.PersistentHashMap.<init>(PersistentHashMap.java:72)
		at org.jetbrains.kotlin.incremental.storage.LazyStorage.createMap(LazyStorage.kt:62)
		at org.jetbrains.kotlin.incremental.storage.LazyStorage.getStorageOrCreateNew(LazyStorage.kt:59)
		at org.jetbrains.kotlin.incremental.storage.LazyStorage.set(LazyStorage.kt:80)
		at org.jetbrains.kotlin.incremental.storage.InMemoryStorage.applyChanges(InMemoryStorage.kt:108)
		at org.jetbrains.kotlin.incremental.storage.AppendableInMemoryStorage.applyChanges(InMemoryStorage.kt:179)
		at org.jetbrains.kotlin.incremental.storage.InMemoryStorage.close(InMemoryStorage.kt:136)
		at org.jetbrains.kotlin.incremental.storage.AppendableSetBasicMap.close(BasicMap.kt:157)
		at org.jetbrains.kotlin.incremental.storage.BasicMapsOwner$close$1.invoke(BasicMapsOwner.kt:53)
		at org.jetbrains.kotlin.incremental.storage.BasicMapsOwner$close$1.invoke(BasicMapsOwner.kt:53)
		at org.jetbrains.kotlin.incremental.storage.BasicMapsOwner.forEachMapSafe(BasicMapsOwner.kt:87)
		... 24 more
		Suppressed: java.lang.Exception: Storage[D:\git\CepheusLabs\deckhand-app\app\build\package_info_plus\kotlin\compileReleaseKotlin\cacheable\caches-jvm\jvm\kotlin\source-to-classes.tab] registration stack trace
			at org.jetbrains.kotlin.com.intellij.util.io.FilePageCache.registerPagedFileStorage(FilePageCache.java:437)
			... 44 more
	Suppressed: java.lang.IllegalStateException: Storage for [D:\git\CepheusLabs\deckhand-app\app\build\package_info_plus\kotlin\compileReleaseKotlin\cacheable\caches-jvm\jvm\kotlin\internal-name-to-source.tab] is already registered
		at org.jetbrains.kotlin.com.intellij.util.io.FilePageCache.registerPagedFileStorage(FilePageCache.java:410)
		at org.jetbrains.kotlin.com.intellij.util.io.PagedFileStorage.<init>(PagedFileStorage.java:72)
		at org.jetbrains.kotlin.com.intellij.util.io.ResizeableMappedFile.<init>(ResizeableMappedFile.java:68)
		at org.jetbrains.kotlin.com.intellij.util.io.PersistentBTreeEnumerator.<init>(PersistentBTreeEnumerator.java:128)
		at org.jetbrains.kotlin.com.intellij.util.io.PersistentEnumerator.createDefaultEnumerator(PersistentEnumerator.java:52)
		at org.jetbrains.kotlin.com.intellij.util.io.PersistentMapImpl.<init>(PersistentMapImpl.java:165)
		at org.jetbrains.kotlin.com.intellij.util.io.PersistentMapImpl.<init>(PersistentMapImpl.java:140)
		at org.jetbrains.kotlin.com.intellij.util.io.PersistentMapBuilder.buildImplementation(PersistentMapBuilder.java:88)
		at org.jetbrains.kotlin.com.intellij.util.io.PersistentMapBuilder.build(PersistentMapBuilder.java:71)
		at org.jetbrains.kotlin.com.intellij.util.io.PersistentHashMap.<init>(PersistentHashMap.java:46)
		at org.jetbrains.kotlin.com.intellij.util.io.PersistentHashMap.<init>(PersistentHashMap.java:72)
		at org.jetbrains.kotlin.incremental.storage.LazyStorage.createMap(LazyStorage.kt:62)
		at org.jetbrains.kotlin.incremental.storage.LazyStorage.getStorageOrCreateNew(LazyStorage.kt:59)
		at org.jetbrains.kotlin.incremental.storage.LazyStorage.set(LazyStorage.kt:80)
		at org.jetbrains.kotlin.incremental.storage.InMemoryStorage.applyChanges(InMemoryStorage.kt:108)
		at org.jetbrains.kotlin.incremental.storage.AppendableInMemoryStorage.applyChanges(InMemoryStorage.kt:179)
		at org.jetbrains.kotlin.incremental.storage.InMemoryStorage.close(InMemoryStorage.kt:136)
		at org.jetbrains.kotlin.incremental.storage.PersistentStorageWrapper.close(PersistentStorage.kt:124)
		at org.jetbrains.kotlin.incremental.storage.BasicMapsOwner$close$1.invoke(BasicMapsOwner.kt:53)
		at org.jetbrains.kotlin.incremental.storage.BasicMapsOwner$close$1.invoke(BasicMapsOwner.kt:53)
		at org.jetbrains.kotlin.incremental.storage.BasicMapsOwner.forEachMapSafe(BasicMapsOwner.kt:87)
		... 24 more
		Suppressed: java.lang.Exception: Storage[D:\git\CepheusLabs\deckhand-app\app\build\package_info_plus\kotlin\compileReleaseKotlin\cacheable\caches-jvm\jvm\kotlin\internal-name-to-source.tab] registration stack trace
			at org.jetbrains.kotlin.com.intellij.util.io.FilePageCache.registerPagedFileStorage(FilePageCache.java:437)
			... 44 more
	Suppressed: java.lang.Exception: Could not close incremental caches in D:\git\CepheusLabs\deckhand-app\app\build\package_info_plus\kotlin\compileReleaseKotlin\cacheable\caches-jvm\lookups: id-to-file.tab, file-to-id.tab
		at org.jetbrains.kotlin.incremental.storage.BasicMapsOwner.forEachMapSafe(BasicMapsOwner.kt:95)
		at org.jetbrains.kotlin.incremental.storage.BasicMapsOwner.close(BasicMapsOwner.kt:53)
		at org.jetbrains.kotlin.incremental.LookupStorage.close(LookupStorage.kt:155)
		... 23 more
		Suppressed: java.lang.IllegalStateException: Storage for [D:\git\CepheusLabs\deckhand-app\app\build\package_info_plus\kotlin\compileReleaseKotlin\cacheable\caches-jvm\lookups\id-to-file.tab] is already registered
			at org.jetbrains.kotlin.com.intellij.util.io.FilePageCache.registerPagedFileStorage(FilePageCache.java:410)
			at org.jetbrains.kotlin.com.intellij.util.io.PagedFileStorage.<init>(PagedFileStorage.java:72)
			at org.jetbrains.kotlin.com.intellij.util.io.ResizeableMappedFile.<init>(ResizeableMappedFile.java:68)
			at org.jetbrains.kotlin.com.intellij.util.io.PersistentBTreeEnumerator.<init>(PersistentBTreeEnumerator.java:128)
			at org.jetbrains.kotlin.com.intellij.util.io.PersistentEnumerator.createDefaultEnumerator(PersistentEnumerator.java:52)
			at org.jetbrains.kotlin.com.intellij.util.io.PersistentMapImpl.<init>(PersistentMapImpl.java:165)
			at org.jetbrains.kotlin.com.intellij.util.io.PersistentMapImpl.<init>(PersistentMapImpl.java:140)
			at org.jetbrains.kotlin.com.intellij.util.io.PersistentMapBuilder.buildImplementation(PersistentMapBuilder.java:88)
			at org.jetbrains.kotlin.com.intellij.util.io.PersistentMapBuilder.build(PersistentMapBuilder.java:71)
			at org.jetbrains.kotlin.com.intellij.util.io.PersistentHashMap.<init>(PersistentHashMap.java:46)
			at org.jetbrains.kotlin.com.intellij.util.io.PersistentHashMap.<init>(PersistentHashMap.java:72)
			at org.jetbrains.kotlin.incremental.storage.LazyStorage.createMap(LazyStorage.kt:62)
			at org.jetbrains.kotlin.incremental.storage.LazyStorage.getStorageOrCreateNew(LazyStorage.kt:59)
			at org.jetbrains.kotlin.incremental.storage.LazyStorage.set(LazyStorage.kt:80)
			at org.jetbrains.kotlin.incremental.storage.InMemoryStorage.applyChanges(InMemoryStorage.kt:108)
			at org.jetbrains.kotlin.incremental.storage.InMemoryStorage.close(InMemoryStorage.kt:136)
			at org.jetbrains.kotlin.incremental.storage.PersistentStorageWrapper.close(PersistentStorage.kt:124)
			at org.jetbrains.kotlin.incremental.storage.BasicMapsOwner$close$1.invoke(BasicMapsOwner.kt:53)
			at org.jetbrains.kotlin.incremental.storage.BasicMapsOwner$close$1.invoke(BasicMapsOwner.kt:53)
			at org.jetbrains.kotlin.incremental.storage.BasicMapsOwner.forEachMapSafe(BasicMapsOwner.kt:87)
			... 25 more
			Suppressed: java.lang.Exception: Storage[D:\git\CepheusLabs\deckhand-app\app\build\package_info_plus\kotlin\compileReleaseKotlin\cacheable\caches-jvm\lookups\id-to-file.tab] registration stack trace
				at org.jetbrains.kotlin.com.intellij.util.io.FilePageCache.registerPagedFileStorage(FilePageCache.java:437)
				... 44 more
		Suppressed: java.lang.IllegalStateException: Storage for [D:\git\CepheusLabs\deckhand-app\app\build\package_info_plus\kotlin\compileReleaseKotlin\cacheable\caches-jvm\lookups\file-to-id.tab] is already registered
			at org.jetbrains.kotlin.com.intellij.util.io.FilePageCache.registerPagedFileStorage(FilePageCache.java:410)
			at org.jetbrains.kotlin.com.intellij.util.io.PagedFileStorage.<init>(PagedFileStorage.java:72)
			at org.jetbrains.kotlin.com.intellij.util.io.ResizeableMappedFile.<init>(ResizeableMappedFile.java:68)
			at org.jetbrains.kotlin.com.intellij.util.io.PersistentBTreeEnumerator.<init>(PersistentBTreeEnumerator.java:128)
			at org.jetbrains.kotlin.com.intellij.util.io.PersistentEnumerator.createDefaultEnumerator(PersistentEnumerator.java:52)
			at org.jetbrains.kotlin.com.intellij.util.io.PersistentMapImpl.<init>(PersistentMapImpl.java:165)
			at org.jetbrains.kotlin.com.intellij.util.io.PersistentMapImpl.<init>(PersistentMapImpl.java:140)
			at org.jetbrains.kotlin.com.intellij.util.io.PersistentMapBuilder.buildImplementation(PersistentMapBuilder.java:88)
			at org.jetbrains.kotlin.com.intellij.util.io.PersistentMapBuilder.build(PersistentMapBuilder.java:71)
			at org.jetbrains.kotlin.com.intellij.util.io.PersistentHashMap.<init>(PersistentHashMap.java:46)
			at org.jetbrains.kotlin.com.intellij.util.io.PersistentHashMap.<init>(PersistentHashMap.java:72)
			at org.jetbrains.kotlin.incremental.storage.LazyStorage.createMap(LazyStorage.kt:62)
			at org.jetbrains.kotlin.incremental.storage.LazyStorage.getStorageOrCreateNew(LazyStorage.kt:59)
			at org.jetbrains.kotlin.incremental.storage.LazyStorage.set(LazyStorage.kt:80)
			at org.jetbrains.kotlin.incremental.storage.InMemoryStorage.applyChanges(InMemoryStorage.kt:108)
			at org.jetbrains.kotlin.incremental.storage.InMemoryStorage.close(InMemoryStorage.kt:136)
			at org.jetbrains.kotlin.incremental.storage.PersistentStorageWrapper.close(PersistentStorage.kt:124)
			at org.jetbrains.kotlin.incremental.storage.BasicMapsOwner$close$1.invoke(BasicMapsOwner.kt:53)
			at org.jetbrains.kotlin.incremental.storage.BasicMapsOwner$close$1.invoke(BasicMapsOwner.kt:53)
			at org.jetbrains.kotlin.incremental.storage.BasicMapsOwner.forEachMapSafe(BasicMapsOwner.kt:87)
			... 25 more
			Suppressed: java.lang.Exception: Storage[D:\git\CepheusLabs\deckhand-app\app\build\package_info_plus\kotlin\compileReleaseKotlin\cacheable\caches-jvm\lookups\file-to-id.tab] registration stack trace
				at org.jetbrains.kotlin.com.intellij.util.io.FilePageCache.registerPagedFileStorage(FilePageCache.java:437)
				... 44 more
	Suppressed: java.lang.Exception: Could not close incremental caches in D:\git\CepheusLabs\deckhand-app\app\build\package_info_plus\kotlin\compileReleaseKotlin\cacheable\caches-jvm\inputs: source-to-output.tab
		... 25 more
		Suppressed: java.lang.IllegalStateException: Storage for [D:\git\CepheusLabs\deckhand-app\app\build\package_info_plus\kotlin\compileReleaseKotlin\cacheable\caches-jvm\inputs\source-to-output.tab] is already registered
			at org.jetbrains.kotlin.com.intellij.util.io.FilePageCache.registerPagedFileStorage(FilePageCache.java:410)
			at org.jetbrains.kotlin.com.intellij.util.io.PagedFileStorage.<init>(PagedFileStorage.java:72)
			at org.jetbrains.kotlin.com.intellij.util.io.ResizeableMappedFile.<init>(ResizeableMappedFile.java:68)
			at org.jetbrains.kotlin.com.intellij.util.io.PersistentBTreeEnumerator.<init>(PersistentBTreeEnumerator.java:128)
			at org.jetbrains.kotlin.com.intellij.util.io.PersistentEnumerator.createDefaultEnumerator(PersistentEnumerator.java:52)
			at org.jetbrains.kotlin.com.intellij.util.io.PersistentMapImpl.<init>(PersistentMapImpl.java:165)
			at org.jetbrains.kotlin.com.intellij.util.io.PersistentMapImpl.<init>(PersistentMapImpl.java:140)
			at org.jetbrains.kotlin.com.intellij.util.io.PersistentMapBuilder.buildImplementation(PersistentMapBuilder.java:88)
			at org.jetbrains.kotlin.com.intellij.util.io.PersistentMapBuilder.build(PersistentMapBuilder.java:71)
			at org.jetbrains.kotlin.com.intellij.util.io.PersistentHashMap.<init>(PersistentHashMap.java:46)
			at org.jetbrains.kotlin.com.intellij.util.io.PersistentHashMap.<init>(PersistentHashMap.java:72)
			at org.jetbrains.kotlin.incremental.storage.LazyStorage.createMap(LazyStorage.kt:62)
			at org.jetbrains.kotlin.incremental.storage.LazyStorage.getStorageOrCreateNew(LazyStorage.kt:59)
			at org.jetbrains.kotlin.incremental.storage.LazyStorage.set(LazyStorage.kt:80)
			at org.jetbrains.kotlin.incremental.storage.InMemoryStorage.applyChanges(InMemoryStorage.kt:108)
			at org.jetbrains.kotlin.incremental.storage.AppendableInMemoryStorage.applyChanges(InMemoryStorage.kt:179)
			at org.jetbrains.kotlin.incremental.storage.InMemoryStorage.close(InMemoryStorage.kt:136)
			at org.jetbrains.kotlin.incremental.storage.AppendableSetBasicMap.close(BasicMap.kt:157)
			at org.jetbrains.kotlin.incremental.storage.BasicMapsOwner$close$1.invoke(BasicMapsOwner.kt:53)
			at org.jetbrains.kotlin.incremental.storage.BasicMapsOwner$close$1.invoke(BasicMapsOwner.kt:53)
			at org.jetbrains.kotlin.incremental.storage.BasicMapsOwner.forEachMapSafe(BasicMapsOwner.kt:87)
			... 24 more
			Suppressed: java.lang.Exception: Storage[D:\git\CepheusLabs\deckhand-app\app\build\package_info_plus\kotlin\compileReleaseKotlin\cacheable\caches-jvm\inputs\source-to-output.tab] registration stack trace
				at org.jetbrains.kotlin.com.intellij.util.io.FilePageCache.registerPagedFileStorage(FilePageCache.java:437)
				... 44 more

e: Daemon compilation failed: null
java.lang.Exception
	at org.jetbrains.kotlin.daemon.common.CompileService$CallResult$Error.get(CompileService.kt:69)
	at org.jetbrains.kotlin.daemon.common.CompileService$CallResult$Error.get(CompileService.kt:65)
	at org.jetbrains.kotlin.compilerRunner.GradleKotlinCompilerWork.compileWithDaemon(GradleKotlinCompilerWork.kt:240)
	at org.jetbrains.kotlin.compilerRunner.GradleKotlinCompilerWork.compileWithDaemonOrFallbackImpl(GradleKotlinCompilerWork.kt:159)
	at org.jetbrains.kotlin.compilerRunner.GradleKotlinCompilerWork.run(GradleKotlinCompilerWork.kt:111)
	at org.jetbrains.kotlin.compilerRunner.GradleCompilerRunnerWithWorkers$GradleKotlinCompilerWorkAction.execute(GradleCompilerRunnerWithWorkers.kt:74)
	at org.gradle.workers.internal.DefaultWorkerServer.execute(DefaultWorkerServer.java:63)
	at org.gradle.workers.internal.NoIsolationWorkerFactory$1$1.create(NoIsolationWorkerFactory.java:66)
	at org.gradle.workers.internal.NoIsolationWorkerFactory$1$1.create(NoIsolationWorkerFactory.java:62)
	at org.gradle.internal.classloader.ClassLoaderUtils.executeInClassloader(ClassLoaderUtils.java:100)
	at org.gradle.workers.internal.NoIsolationWorkerFactory$1.lambda$execute$0(NoIsolationWorkerFactory.java:62)
	at org.gradle.workers.internal.AbstractWorker$1.call(AbstractWorker.java:44)
	at org.gradle.workers.internal.AbstractWorker$1.call(AbstractWorker.java:41)
	at org.gradle.internal.operations.DefaultBuildOperationRunner$CallableBuildOperationWorker.execute(DefaultBuildOperationRunner.java:210)
	at org.gradle.internal.operations.DefaultBuildOperationRunner$CallableBuildOperationWorker.execute(DefaultBuildOperationRunner.java:205)
	at org.gradle.internal.operations.DefaultBuildOperationRunner$2.execute(DefaultBuildOperationRunner.java:67)
	at org.gradle.internal.operations.DefaultBuildOperationRunner$2.execute(DefaultBuildOperationRunner.java:60)
	at org.gradle.internal.operations.DefaultBuildOperationRunner.execute(DefaultBuildOperationRunner.java:167)
	at org.gradle.internal.operations.DefaultBuildOperationRunner.execute(DefaultBuildOperationRunner.java:60)
	at org.gradle.internal.operations.DefaultBuildOperationRunner.call(DefaultBuildOperationRunner.java:54)
	at org.gradle.workers.internal.AbstractWorker.executeWrappedInBuildOperation(AbstractWorker.java:41)
	at org.gradle.workers.internal.NoIsolationWorkerFactory$1.execute(NoIsolationWorkerFactory.java:59)
	at org.gradle.workers.internal.DefaultWorkerExecutor.lambda$submitWork$0(DefaultWorkerExecutor.java:174)
	at java.base/java.util.concurrent.FutureTask.run(Unknown Source)
	at org.gradle.internal.work.DefaultConditionalExecutionQueue$ExecutionRunner.runExecution(DefaultConditionalExecutionQueue.java:194)
	at org.gradle.internal.work.DefaultConditionalExecutionQueue$ExecutionRunner.access$700(DefaultConditionalExecutionQueue.java:127)
	at org.gradle.internal.work.DefaultConditionalExecutionQueue$ExecutionRunner$1.run(DefaultConditionalExecutionQueue.java:169)
	at org.gradle.internal.Factories$1.create(Factories.java:31)
	at org.gradle.internal.work.DefaultWorkerLeaseService.withLocks(DefaultWorkerLeaseService.java:263)
	at org.gradle.internal.work.DefaultWorkerLeaseService.runAsWorkerThread(DefaultWorkerLeaseService.java:127)
	at org.gradle.internal.work.DefaultWorkerLeaseService.runAsWorkerThread(DefaultWorkerLeaseService.java:132)
	at org.gradle.internal.work.DefaultConditionalExecutionQueue$ExecutionRunner.runBatch(DefaultConditionalExecutionQueue.java:164)
	at org.gradle.internal.work.DefaultConditionalExecutionQueue$ExecutionRunner.run(DefaultConditionalExecutionQueue.java:133)
	at java.base/java.util.concurrent.Executors$RunnableAdapter.call(Unknown Source)
	at java.base/java.util.concurrent.FutureTask.run(Unknown Source)
	at org.gradle.internal.concurrent.ExecutorPolicy$CatchAndRecordFailures.onExecute(ExecutorPolicy.java:64)
	at org.gradle.internal.concurrent.AbstractManagedExecutor$1.run(AbstractManagedExecutor.java:48)
	at java.base/java.util.concurrent.ThreadPoolExecutor.runWorker(Unknown Source)
	at java.base/java.util.concurrent.ThreadPoolExecutor$Worker.run(Unknown Source)
	at java.base/java.lang.Thread.run(Unknown Source)
Caused by: java.lang.AssertionError: java.lang.Exception: Could not close incremental caches in D:\git\CepheusLabs\deckhand-app\app\build\shared_preferences_android\kotlin\compileReleaseKotlin\cacheable\caches-jvm\jvm\kotlin: class-fq-name-to-source.tab, source-to-classes.tab, internal-name-to-source.tab
	at org.jetbrains.kotlin.com.google.common.io.Closer.close(Closer.java:218)
	at org.jetbrains.kotlin.incremental.IncrementalCachesManager.close(IncrementalCachesManager.kt:55)
	at kotlin.io.CloseableKt.closeFinally(Closeable.kt:46)
	at org.jetbrains.kotlin.incremental.IncrementalCompilerRunner.compileNonIncrementally(IncrementalCompilerRunner.kt:293)
	at org.jetbrains.kotlin.incremental.IncrementalCompilerRunner.compile(IncrementalCompilerRunner.kt:128)
	at org.jetbrains.kotlin.daemon.CompileServiceImplBase.execIncrementalCompiler(CompileServiceImpl.kt:684)
	at org.jetbrains.kotlin.daemon.CompileServiceImplBase.access$execIncrementalCompiler(CompileServiceImpl.kt:94)
	at org.jetbrains.kotlin.daemon.CompileServiceImpl.compile(CompileServiceImpl.kt:1810)
	at java.base/jdk.internal.reflect.DirectMethodHandleAccessor.invoke(Unknown Source)
	at java.base/java.lang.reflect.Method.invoke(Unknown Source)
	at java.rmi/sun.rmi.server.UnicastServerRef.dispatch(Unknown Source)
	at java.rmi/sun.rmi.transport.Transport$1.run(Unknown Source)
	at java.rmi/sun.rmi.transport.Transport$1.run(Unknown Source)
	at java.base/java.security.AccessController.doPrivileged(Unknown Source)
	at java.rmi/sun.rmi.transport.Transport.serviceCall(Unknown Source)
	at java.rmi/sun.rmi.transport.tcp.TCPTransport.handleMessages(Unknown Source)
	at java.rmi/sun.rmi.transport.tcp.TCPTransport$ConnectionHandler.run0(Unknown Source)
	at java.rmi/sun.rmi.transport.tcp.TCPTransport$ConnectionHandler.lambda$run$0(Unknown Source)
	at java.base/java.security.AccessController.doPrivileged(Unknown Source)
	at java.rmi/sun.rmi.transport.tcp.TCPTransport$ConnectionHandler.run(Unknown Source)
	... 3 more
Caused by: java.lang.Exception: Could not close incremental caches in D:\git\CepheusLabs\deckhand-app\app\build\shared_preferences_android\kotlin\compileReleaseKotlin\cacheable\caches-jvm\jvm\kotlin: class-fq-name-to-source.tab, source-to-classes.tab, internal-name-to-source.tab
	at org.jetbrains.kotlin.incremental.storage.BasicMapsOwner.forEachMapSafe(BasicMapsOwner.kt:95)
	at org.jetbrains.kotlin.incremental.storage.BasicMapsOwner.close(BasicMapsOwner.kt:53)
	at org.jetbrains.kotlin.com.google.common.io.Closer.close(Closer.java:205)
	... 22 more
	Suppressed: java.lang.IllegalStateException: Storage for [D:\git\CepheusLabs\deckhand-app\app\build\shared_preferences_android\kotlin\compileReleaseKotlin\cacheable\caches-jvm\jvm\kotlin\class-fq-name-to-source.tab] is already registered
		at org.jetbrains.kotlin.com.intellij.util.io.FilePageCache.registerPagedFileStorage(FilePageCache.java:410)
		at org.jetbrains.kotlin.com.intellij.util.io.PagedFileStorage.<init>(PagedFileStorage.java:72)
		at org.jetbrains.kotlin.com.intellij.util.io.ResizeableMappedFile.<init>(ResizeableMappedFile.java:68)
		at org.jetbrains.kotlin.com.intellij.util.io.PersistentBTreeEnumerator.<init>(PersistentBTreeEnumerator.java:128)
		at org.jetbrains.kotlin.com.intellij.util.io.PersistentEnumerator.createDefaultEnumerator(PersistentEnumerator.java:52)
		at org.jetbrains.kotlin.com.intellij.util.io.PersistentMapImpl.<init>(PersistentMapImpl.java:165)
		at org.jetbrains.kotlin.com.intellij.util.io.PersistentMapImpl.<init>(PersistentMapImpl.java:140)
		at org.jetbrains.kotlin.com.intellij.util.io.PersistentMapBuilder.buildImplementation(PersistentMapBuilder.java:88)
		at org.jetbrains.kotlin.com.intellij.util.io.PersistentMapBuilder.build(PersistentMapBuilder.java:71)
		at org.jetbrains.kotlin.com.intellij.util.io.PersistentHashMap.<init>(PersistentHashMap.java:46)
		at org.jetbrains.kotlin.com.intellij.util.io.PersistentHashMap.<init>(PersistentHashMap.java:72)
		at org.jetbrains.kotlin.incremental.storage.LazyStorage.createMap(LazyStorage.kt:62)
		at org.jetbrains.kotlin.incremental.storage.LazyStorage.getStorageOrCreateNew(LazyStorage.kt:59)
		at org.jetbrains.kotlin.incremental.storage.LazyStorage.set(LazyStorage.kt:80)
		at org.jetbrains.kotlin.incremental.storage.InMemoryStorage.applyChanges(InMemoryStorage.kt:108)
		at org.jetbrains.kotlin.incremental.storage.InMemoryStorage.close(InMemoryStorage.kt:136)
		at org.jetbrains.kotlin.incremental.storage.PersistentStorageWrapper.close(PersistentStorage.kt:124)
		at org.jetbrains.kotlin.incremental.storage.BasicMapsOwner$close$1.invoke(BasicMapsOwner.kt:53)
		at org.jetbrains.kotlin.incremental.storage.BasicMapsOwner$close$1.invoke(BasicMapsOwner.kt:53)
		at org.jetbrains.kotlin.incremental.storage.BasicMapsOwner.forEachMapSafe(BasicMapsOwner.kt:87)
		... 24 more
		Suppressed: java.lang.Exception: Storage[D:\git\CepheusLabs\deckhand-app\app\build\shared_preferences_android\kotlin\compileReleaseKotlin\cacheable\caches-jvm\jvm\kotlin\class-fq-name-to-source.tab] registration stack trace
			at org.jetbrains.kotlin.com.intellij.util.io.FilePageCache.registerPagedFileStorage(FilePageCache.java:437)
			... 43 more
	Suppressed: java.lang.IllegalStateException: Storage for [D:\git\CepheusLabs\deckhand-app\app\build\shared_preferences_android\kotlin\compileReleaseKotlin\cacheable\caches-jvm\jvm\kotlin\source-to-classes.tab] is already registered
		at org.jetbrains.kotlin.com.intellij.util.io.FilePageCache.registerPagedFileStorage(FilePageCache.java:410)
		at org.jetbrains.kotlin.com.intellij.util.io.PagedFileStorage.<init>(PagedFileStorage.java:72)
		at org.jetbrains.kotlin.com.intellij.util.io.ResizeableMappedFile.<init>(ResizeableMappedFile.java:68)
		at org.jetbrains.kotlin.com.intellij.util.io.PersistentBTreeEnumerator.<init>(PersistentBTreeEnumerator.java:128)
		at org.jetbrains.kotlin.com.intellij.util.io.PersistentEnumerator.createDefaultEnumerator(PersistentEnumerator.java:52)
		at org.jetbrains.kotlin.com.intellij.util.io.PersistentMapImpl.<init>(PersistentMapImpl.java:165)
		at org.jetbrains.kotlin.com.intellij.util.io.PersistentMapImpl.<init>(PersistentMapImpl.java:140)
		at org.jetbrains.kotlin.com.intellij.util.io.PersistentMapBuilder.buildImplementation(PersistentMapBuilder.java:88)
		at org.jetbrains.kotlin.com.intellij.util.io.PersistentMapBuilder.build(PersistentMapBuilder.java:71)
		at org.jetbrains.kotlin.com.intellij.util.io.PersistentHashMap.<init>(PersistentHashMap.java:46)
		at org.jetbrains.kotlin.com.intellij.util.io.PersistentHashMap.<init>(PersistentHashMap.java:72)
		at org.jetbrains.kotlin.incremental.storage.LazyStorage.createMap(LazyStorage.kt:62)
		at org.jetbrains.kotlin.incremental.storage.LazyStorage.getStorageOrCreateNew(LazyStorage.kt:59)
		at org.jetbrains.kotlin.incremental.storage.LazyStorage.set(LazyStorage.kt:80)
		at org.jetbrains.kotlin.incremental.storage.InMemoryStorage.applyChanges(InMemoryStorage.kt:108)
		at org.jetbrains.kotlin.incremental.storage.AppendableInMemoryStorage.applyChanges(InMemoryStorage.kt:179)
		at org.jetbrains.kotlin.incremental.storage.InMemoryStorage.close(InMemoryStorage.kt:136)
		at org.jetbrains.kotlin.incremental.storage.AppendableSetBasicMap.close(BasicMap.kt:157)
		at org.jetbrains.kotlin.incremental.storage.BasicMapsOwner$close$1.invoke(BasicMapsOwner.kt:53)
		at org.jetbrains.kotlin.incremental.storage.BasicMapsOwner$close$1.invoke(BasicMapsOwner.kt:53)
		at org.jetbrains.kotlin.incremental.storage.BasicMapsOwner.forEachMapSafe(BasicMapsOwner.kt:87)
		... 24 more
		Suppressed: java.lang.Exception: Storage[D:\git\CepheusLabs\deckhand-app\app\build\shared_preferences_android\kotlin\compileReleaseKotlin\cacheable\caches-jvm\jvm\kotlin\source-to-classes.tab] registration stack trace
			at org.jetbrains.kotlin.com.intellij.util.io.FilePageCache.registerPagedFileStorage(FilePageCache.java:437)
			... 44 more
	Suppressed: java.lang.IllegalStateException: Storage for [D:\git\CepheusLabs\deckhand-app\app\build\shared_preferences_android\kotlin\compileReleaseKotlin\cacheable\caches-jvm\jvm\kotlin\internal-name-to-source.tab] is already registered
		at org.jetbrains.kotlin.com.intellij.util.io.FilePageCache.registerPagedFileStorage(FilePageCache.java:410)
		at org.jetbrains.kotlin.com.intellij.util.io.PagedFileStorage.<init>(PagedFileStorage.java:72)
		at org.jetbrains.kotlin.com.intellij.util.io.ResizeableMappedFile.<init>(ResizeableMappedFile.java:68)
		at org.jetbrains.kotlin.com.intellij.util.io.PersistentBTreeEnumerator.<init>(PersistentBTreeEnumerator.java:128)
		at org.jetbrains.kotlin.com.intellij.util.io.PersistentEnumerator.createDefaultEnumerator(PersistentEnumerator.java:52)
		at org.jetbrains.kotlin.com.intellij.util.io.PersistentMapImpl.<init>(PersistentMapImpl.java:165)
		at org.jetbrains.kotlin.com.intellij.util.io.PersistentMapImpl.<init>(PersistentMapImpl.java:140)
		at org.jetbrains.kotlin.com.intellij.util.io.PersistentMapBuilder.buildImplementation(PersistentMapBuilder.java:88)
		at org.jetbrains.kotlin.com.intellij.util.io.PersistentMapBuilder.build(PersistentMapBuilder.java:71)
		at org.jetbrains.kotlin.com.intellij.util.io.PersistentHashMap.<init>(PersistentHashMap.java:46)
		at org.jetbrains.kotlin.com.intellij.util.io.PersistentHashMap.<init>(PersistentHashMap.java:72)
		at org.jetbrains.kotlin.incremental.storage.LazyStorage.createMap(LazyStorage.kt:62)
		at org.jetbrains.kotlin.incremental.storage.LazyStorage.getStorageOrCreateNew(LazyStorage.kt:59)
		at org.jetbrains.kotlin.incremental.storage.LazyStorage.set(LazyStorage.kt:80)
		at org.jetbrains.kotlin.incremental.storage.InMemoryStorage.applyChanges(InMemoryStorage.kt:108)
		at org.jetbrains.kotlin.incremental.storage.AppendableInMemoryStorage.applyChanges(InMemoryStorage.kt:179)
		at org.jetbrains.kotlin.incremental.storage.InMemoryStorage.close(InMemoryStorage.kt:136)
		at org.jetbrains.kotlin.incremental.storage.PersistentStorageWrapper.close(PersistentStorage.kt:124)
		at org.jetbrains.kotlin.incremental.storage.BasicMapsOwner$close$1.invoke(BasicMapsOwner.kt:53)
		at org.jetbrains.kotlin.incremental.storage.BasicMapsOwner$close$1.invoke(BasicMapsOwner.kt:53)
		at org.jetbrains.kotlin.incremental.storage.BasicMapsOwner.forEachMapSafe(BasicMapsOwner.kt:87)
		... 24 more
		Suppressed: java.lang.Exception: Storage[D:\git\CepheusLabs\deckhand-app\app\build\shared_preferences_android\kotlin\compileReleaseKotlin\cacheable\caches-jvm\jvm\kotlin\internal-name-to-source.tab] registration stack trace
			at org.jetbrains.kotlin.com.intellij.util.io.FilePageCache.registerPagedFileStorage(FilePageCache.java:437)
			... 44 more
	Suppressed: java.lang.Exception: Could not close incremental caches in D:\git\CepheusLabs\deckhand-app\app\build\shared_preferences_android\kotlin\compileReleaseKotlin\cacheable\caches-jvm\lookups: id-to-file.tab, file-to-id.tab
		at org.jetbrains.kotlin.incremental.storage.BasicMapsOwner.forEachMapSafe(BasicMapsOwner.kt:95)
		at org.jetbrains.kotlin.incremental.storage.BasicMapsOwner.close(BasicMapsOwner.kt:53)
		at org.jetbrains.kotlin.incremental.LookupStorage.close(LookupStorage.kt:155)
		... 23 more
		Suppressed: java.lang.IllegalStateException: Storage for [D:\git\CepheusLabs\deckhand-app\app\build\shared_preferences_android\kotlin\compileReleaseKotlin\cacheable\caches-jvm\lookups\id-to-file.tab] is already registered
			at org.jetbrains.kotlin.com.intellij.util.io.FilePageCache.registerPagedFileStorage(FilePageCache.java:410)
			at org.jetbrains.kotlin.com.intellij.util.io.PagedFileStorage.<init>(PagedFileStorage.java:72)
			at org.jetbrains.kotlin.com.intellij.util.io.ResizeableMappedFile.<init>(ResizeableMappedFile.java:68)
			at org.jetbrains.kotlin.com.intellij.util.io.PersistentBTreeEnumerator.<init>(PersistentBTreeEnumerator.java:128)
			at org.jetbrains.kotlin.com.intellij.util.io.PersistentEnumerator.createDefaultEnumerator(PersistentEnumerator.java:52)
			at org.jetbrains.kotlin.com.intellij.util.io.PersistentMapImpl.<init>(PersistentMapImpl.java:165)
			at org.jetbrains.kotlin.com.intellij.util.io.PersistentMapImpl.<init>(PersistentMapImpl.java:140)
			at org.jetbrains.kotlin.com.intellij.util.io.PersistentMapBuilder.buildImplementation(PersistentMapBuilder.java:88)
			at org.jetbrains.kotlin.com.intellij.util.io.PersistentMapBuilder.build(PersistentMapBuilder.java:71)
			at org.jetbrains.kotlin.com.intellij.util.io.PersistentHashMap.<init>(PersistentHashMap.java:46)
			at org.jetbrains.kotlin.com.intellij.util.io.PersistentHashMap.<init>(PersistentHashMap.java:72)
			at org.jetbrains.kotlin.incremental.storage.LazyStorage.createMap(LazyStorage.kt:62)
			at org.jetbrains.kotlin.incremental.storage.LazyStorage.getStorageOrCreateNew(LazyStorage.kt:59)
			at org.jetbrains.kotlin.incremental.storage.LazyStorage.set(LazyStorage.kt:80)
			at org.jetbrains.kotlin.incremental.storage.InMemoryStorage.applyChanges(InMemoryStorage.kt:108)
			at org.jetbrains.kotlin.incremental.storage.InMemoryStorage.close(InMemoryStorage.kt:136)
			at org.jetbrains.kotlin.incremental.storage.PersistentStorageWrapper.close(PersistentStorage.kt:124)
			at org.jetbrains.kotlin.incremental.storage.BasicMapsOwner$close$1.invoke(BasicMapsOwner.kt:53)
			at org.jetbrains.kotlin.incremental.storage.BasicMapsOwner$close$1.invoke(BasicMapsOwner.kt:53)
			at org.jetbrains.kotlin.incremental.storage.BasicMapsOwner.forEachMapSafe(BasicMapsOwner.kt:87)
			... 25 more
			Suppressed: java.lang.Exception: Storage[D:\git\CepheusLabs\deckhand-app\app\build\shared_preferences_android\kotlin\compileReleaseKotlin\cacheable\caches-jvm\lookups\id-to-file.tab] registration stack trace
				at org.jetbrains.kotlin.com.intellij.util.io.FilePageCache.registerPagedFileStorage(FilePageCache.java:437)
				... 44 more
		Suppressed: java.lang.IllegalStateException: Storage for [D:\git\CepheusLabs\deckhand-app\app\build\shared_preferences_android\kotlin\compileReleaseKotlin\cacheable\caches-jvm\lookups\file-to-id.tab] is already registered
			at org.jetbrains.kotlin.com.intellij.util.io.FilePageCache.registerPagedFileStorage(FilePageCache.java:410)
			at org.jetbrains.kotlin.com.intellij.util.io.PagedFileStorage.<init>(PagedFileStorage.java:72)
			at org.jetbrains.kotlin.com.intellij.util.io.ResizeableMappedFile.<init>(ResizeableMappedFile.java:68)
			at org.jetbrains.kotlin.com.intellij.util.io.PersistentBTreeEnumerator.<init>(PersistentBTreeEnumerator.java:128)
			at org.jetbrains.kotlin.com.intellij.util.io.PersistentEnumerator.createDefaultEnumerator(PersistentEnumerator.java:52)
			at org.jetbrains.kotlin.com.intellij.util.io.PersistentMapImpl.<init>(PersistentMapImpl.java:165)
			at org.jetbrains.kotlin.com.intellij.util.io.PersistentMapImpl.<init>(PersistentMapImpl.java:140)
			at org.jetbrains.kotlin.com.intellij.util.io.PersistentMapBuilder.buildImplementation(PersistentMapBuilder.java:88)
			at org.jetbrains.kotlin.com.intellij.util.io.PersistentMapBuilder.build(PersistentMapBuilder.java:71)
			at org.jetbrains.kotlin.com.intellij.util.io.PersistentHashMap.<init>(PersistentHashMap.java:46)
			at org.jetbrains.kotlin.com.intellij.util.io.PersistentHashMap.<init>(PersistentHashMap.java:72)
			at org.jetbrains.kotlin.incremental.storage.LazyStorage.createMap(LazyStorage.kt:62)
			at org.jetbrains.kotlin.incremental.storage.LazyStorage.getStorageOrCreateNew(LazyStorage.kt:59)
			at org.jetbrains.kotlin.incremental.storage.LazyStorage.set(LazyStorage.kt:80)
			at org.jetbrains.kotlin.incremental.storage.InMemoryStorage.applyChanges(InMemoryStorage.kt:108)
			at org.jetbrains.kotlin.incremental.storage.InMemoryStorage.close(InMemoryStorage.kt:136)
			at org.jetbrains.kotlin.incremental.storage.PersistentStorageWrapper.close(PersistentStorage.kt:124)
			at org.jetbrains.kotlin.incremental.storage.BasicMapsOwner$close$1.invoke(BasicMapsOwner.kt:53)
			at org.jetbrains.kotlin.incremental.storage.BasicMapsOwner$close$1.invoke(BasicMapsOwner.kt:53)
			at org.jetbrains.kotlin.incremental.storage.BasicMapsOwner.forEachMapSafe(BasicMapsOwner.kt:87)
			... 25 more
			Suppressed: java.lang.Exception: Storage[D:\git\CepheusLabs\deckhand-app\app\build\shared_preferences_android\kotlin\compileReleaseKotlin\cacheable\caches-jvm\lookups\file-to-id.tab] registration stack trace
				at org.jetbrains.kotlin.com.intellij.util.io.FilePageCache.registerPagedFileStorage(FilePageCache.java:437)
				... 44 more
	Suppressed: java.lang.Exception: Could not close incremental caches in D:\git\CepheusLabs\deckhand-app\app\build\shared_preferences_android\kotlin\compileReleaseKotlin\cacheable\caches-jvm\inputs: source-to-output.tab
		... 25 more
		Suppressed: java.lang.IllegalStateException: Storage for [D:\git\CepheusLabs\deckhand-app\app\build\shared_preferences_android\kotlin\compileReleaseKotlin\cacheable\caches-jvm\inputs\source-to-output.tab] is already registered
			at org.jetbrains.kotlin.com.intellij.util.io.FilePageCache.registerPagedFileStorage(FilePageCache.java:410)
			at org.jetbrains.kotlin.com.intellij.util.io.PagedFileStorage.<init>(PagedFileStorage.java:72)
			at org.jetbrains.kotlin.com.intellij.util.io.ResizeableMappedFile.<init>(ResizeableMappedFile.java:68)
			at org.jetbrains.kotlin.com.intellij.util.io.PersistentBTreeEnumerator.<init>(PersistentBTreeEnumerator.java:128)
			at org.jetbrains.kotlin.com.intellij.util.io.PersistentEnumerator.createDefaultEnumerator(PersistentEnumerator.java:52)
			at org.jetbrains.kotlin.com.intellij.util.io.PersistentMapImpl.<init>(PersistentMapImpl.java:165)
			at org.jetbrains.kotlin.com.intellij.util.io.PersistentMapImpl.<init>(PersistentMapImpl.java:140)
			at org.jetbrains.kotlin.com.intellij.util.io.PersistentMapBuilder.buildImplementation(PersistentMapBuilder.java:88)
			at org.jetbrains.kotlin.com.intellij.util.io.PersistentMapBuilder.build(PersistentMapBuilder.java:71)
			at org.jetbrains.kotlin.com.intellij.util.io.PersistentHashMap.<init>(PersistentHashMap.java:46)
			at org.jetbrains.kotlin.com.intellij.util.io.PersistentHashMap.<init>(PersistentHashMap.java:72)
			at org.jetbrains.kotlin.incremental.storage.LazyStorage.createMap(LazyStorage.kt:62)
			at org.jetbrains.kotlin.incremental.storage.LazyStorage.getStorageOrCreateNew(LazyStorage.kt:59)
			at org.jetbrains.kotlin.incremental.storage.LazyStorage.set(LazyStorage.kt:80)
			at org.jetbrains.kotlin.incremental.storage.InMemoryStorage.applyChanges(InMemoryStorage.kt:108)
			at org.jetbrains.kotlin.incremental.storage.AppendableInMemoryStorage.applyChanges(InMemoryStorage.kt:179)
			at org.jetbrains.kotlin.incremental.storage.InMemoryStorage.close(InMemoryStorage.kt:136)
			at org.jetbrains.kotlin.incremental.storage.AppendableSetBasicMap.close(BasicMap.kt:157)
			at org.jetbrains.kotlin.incremental.storage.BasicMapsOwner$close$1.invoke(BasicMapsOwner.kt:53)
			at org.jetbrains.kotlin.incremental.storage.BasicMapsOwner$close$1.invoke(BasicMapsOwner.kt:53)
			at org.jetbrains.kotlin.incremental.storage.BasicMapsOwner.forEachMapSafe(BasicMapsOwner.kt:87)
			... 24 more
			Suppressed: java.lang.Exception: Storage[D:\git\CepheusLabs\deckhand-app\app\build\shared_preferences_android\kotlin\compileReleaseKotlin\cacheable\caches-jvm\inputs\source-to-output.tab] registration stack trace
				at org.jetbrains.kotlin.com.intellij.util.io.FilePageCache.registerPagedFileStorage(FilePageCache.java:437)
				... 44 more

Running Gradle task 'assembleRelease'...                           65.0s
√ Built build\app\outputs\flutter-apk\app-release.apk (22.8MB)
=== DECKHAND DONE exit=0 ===
