=== deckhand windows via git-bash (Go sidecar + windres + flutter) ===
Deckhand build: 26.6.6+451
  repo:    /d/git/CepheusLabs/deckhand-app

=== Go sidecar: windows/amd64 ===
    → /d/git/CepheusLabs/deckhand-app/sidecar/dist/windows-amd64
=== Flutter windows ===
Resolving dependencies...
Downloading packages...
! archive 4.0.9 (overridden)
  bonsoir 5.1.11 (7.1.1 available)
  bonsoir_android 5.1.6 (7.1.1 available)
  bonsoir_darwin 5.1.3 (7.1.0 available)
  bonsoir_linux 5.1.3 (7.1.0 available)
  bonsoir_platform_interface 5.1.3 (7.0.0 available)
  bonsoir_windows 5.1.5 (7.1.0 available)
  code_assets 1.0.0 (1.2.1 available)
  dbus 0.7.12 (0.7.14 available)
  flutter_riverpod 2.6.1 (3.3.1 available)
  flutter_secure_storage 10.0.0 (10.3.1 available)
  flutter_secure_storage_darwin 0.2.0 (0.4.0 available)
  flutter_secure_storage_linux 3.0.0 (3.0.1 available)
  flutter_secure_storage_web 2.1.0 (2.1.1 available)
  flutter_secure_storage_windows 4.1.0 (4.2.2 available)
  go_router 14.8.1 (17.3.0 available)
  hooks 1.0.2 (2.0.2 available)
  json_annotation 4.11.0 (4.12.0 available)
  matcher 0.12.19 (0.12.20 available)
  meta 1.17.0 (1.18.3 available)
  native_toolchain_c 0.17.6 (0.19.1 available)
  objective_c 9.3.0 (9.4.1 available)
  package_info_plus 8.3.1 (10.1.0 available)
  package_info_plus_platform_interface 3.2.1 (4.1.0 available)
  riverpod 2.6.1 (3.2.1 available)
  shared_preferences_android 2.4.23 (2.4.25 available)
  slang 4.14.0 (4.15.0 available)
  slang_flutter 4.14.0 (4.15.0 available)
  test_api 0.7.10 (0.7.12 available)
  vector_math 2.2.0 (2.4.0 available)
  vm_service 15.1.0 (15.2.0 available)
  win32 5.15.0 (6.3.0 available)
  window_manager 0.4.3 (0.5.1 available)
  xml 6.6.1 (7.0.1 available)
Got dependencies!
33 packages have newer versions incompatible with dependency constraints.
Try `flutter pub outdated` for more information.
Building Windows application...                                    60.5s
√ Built build\windows\x64\runner\Release\deckhand.exe

Built Deckhand: 26.6.6+451
=== DECKHAND-WIN DONE exit=0 ===
