=== printdeck windows rebuild w/ vcpkg OpenSSL ===
OpenSSL libs found:
libcrypto.lib
libssl.lib
Resolving dependencies...
Downloading packages...
  _fe_analyzer_shared 91.0.0 (101.0.0 available)
  analyzer 8.4.1 (13.1.0 available)
  app_links 7.0.0 (7.1.1 available)
  cli_util 0.4.2 (0.5.1 available)
  code_assets 1.0.0 (1.2.1 available)
  dart_style 3.1.3 (3.1.9 available)
  dbus 0.7.12 (0.7.14 available)
  desktop_drop 0.4.4 (0.7.1 available)
  desktop_webview_window 0.2.3 (0.3.0 available)
  device_info_plus 11.5.0 (13.1.0 available)
  device_info_plus_platform_interface 7.0.3 (8.1.0 available)
  drift 2.31.0 (2.33.0 available)
  drift_dev 2.31.0 (2.33.0 available)
  file_picker 8.3.7 (11.0.2 available)
  flutter_lints 5.0.0 (6.0.0 available)
  flutter_native_splash 2.4.7 (2.4.8 available)
  flutter_plugin_android_lifecycle 2.0.34 (2.0.35 available)
  flutter_quill 11.5.0 (11.5.1 available)
  flutter_riverpod 2.6.1 (3.3.1 available)
  flutter_secure_storage 10.1.0 (10.3.1 available)
  flutter_secure_storage_darwin 0.3.0 (0.4.0 available)
  flutter_secure_storage_linux 3.0.0 (3.0.1 available)
  flutter_secure_storage_windows 4.1.0 (4.2.2 available)
  flutter_web_auth_2 4.1.0 (5.0.3 available)
  flutter_web_auth_2_platform_interface 4.1.0 (5.0.0 available)
  freezed 3.2.3 (3.2.5 available)
  go_router 14.8.1 (17.3.0 available)
  home_widget 0.7.0+1 (0.9.2 available)
  hooks 1.0.3 (2.0.2 available)
  image 4.8.0 (4.9.1 available)
  json_annotation 4.9.0 (4.12.0 available)
  json_serializable 6.11.2 (6.14.0 available)
  lints 5.1.1 (6.1.0 available)
  lucide_icons_flutter 3.1.13 (3.1.14+2 available)
  matcher 0.12.19 (0.12.20 available)
  meta 1.17.0 (1.18.3 available)
  mobile_scanner 6.0.11 (7.2.0 available)
  native_toolchain_c 0.17.6 (0.19.1 available)
  objective_c 9.3.0 (9.4.1 available)
  package_info_plus 8.3.1 (10.1.0 available)
  package_info_plus_platform_interface 3.2.1 (4.1.0 available)
  passkeys 2.17.4 (2.19.0 available)
  passkeys_darwin 0.3.0 (0.4.0 available)
  passkeys_doctor 1.2.0 (1.3.1 available)
  protobuf 5.1.0 (6.0.0 available)
  qr 3.0.2 (4.0.0 available)
  riverpod 2.6.1 (3.2.1 available)
  share_plus 10.1.4 (13.1.0 available)
  share_plus_platform_interface 5.0.2 (7.1.0 available)
  shared_preferences_android 2.4.23 (2.4.25 available)
  sign_in_with_apple 6.1.4 (8.1.0 available)
  sign_in_with_apple_platform_interface 1.1.0 (2.0.0 available)
  sign_in_with_apple_web 2.1.1 (3.0.0 available)
  slang 4.14.0 (4.15.0 available)
  slang_flutter 4.14.0 (4.15.0 available)
  source_helper 1.3.8 (1.3.12 available)
  sqflite 2.4.2+1 (2.4.3 available)
  sqflite_android 2.4.2+3 (2.4.3 available)
  sqflite_common 2.5.7 (2.5.9 available)
  sqflite_darwin 2.4.2 (2.4.3 available)
  sqflite_platform_interface 2.4.0 (2.4.1 available)
  sqlcipher_flutter_libs 0.6.8 (0.7.0+eol available)
  sqlite3 2.9.4 (3.3.2 available)
  sqlparser 0.43.1 (0.44.4 available)
  synchronized 3.4.0+1 (3.4.1 available)
  test_api 0.7.10 (0.7.12 available)
  url_launcher_android 6.3.29 (6.3.32 available)
  vector_math 2.2.0 (2.4.0 available)
  wakelock_plus 1.3.3 (1.6.1 available)
  wakelock_plus_platform_interface 1.5.0 (1.5.1 available)
  win32 5.15.0 (6.3.0 available)
  win32_registry 2.1.0 (3.0.3 available)
  window_to_front 0.0.3 (0.0.4 available)
  xml 6.6.1 (7.0.1 available)
Got dependencies!
74 packages have newer versions incompatible with dependency constraints.
Try `flutter pub outdated` for more information.
Building Windows application...                                 
CMake Warning (dev) at flutter/ephemeral/.plugin_symlinks/media_kit_libs_windows_video/windows/CMakeLists.txt:90 (add_custom_command):
  Exactly one of PRE_BUILD, PRE_LINK, or POST_BUILD must be given.  Assuming
  POST_BUILD to preserve backward compatibility.

  Policy CMP0175 is not set: add_custom_command() rejects invalid arguments.
  Run "cmake --help-policy CMP0175" for policy details.  Use the cmake_policy
  command to set the policy and suppress this warning.
This warning is for project developers.  Use -Wno-dev to suppress it.

CMake Warning (dev) at flutter/ephemeral/.plugin_symlinks/media_kit_libs_windows_video/windows/CMakeLists.txt:126 (add_custom_command):
  Exactly one of PRE_BUILD, PRE_LINK, or POST_BUILD must be given.  Assuming
  POST_BUILD to preserve backward compatibility.

  Policy CMP0175 is not set: add_custom_command() rejects invalid arguments.
  Run "cmake --help-policy CMP0175" for policy details.  Use the cmake_policy
  command to set the policy and suppress this warning.
This warning is for project developers.  Use -Wno-dev to suppress it.

D:\git\CepheusLabs\printdeck\frontend\build\windows\x64\plugins\sqlcipher_flutter_libs\sqlcipher.c(108807,42): warning C4267: 'function': conversion from 'size_t' to 'int', possible loss of data [D:\git\CepheusLabs\printdeck\frontend\build\windows\x64\plugins\sqlcipher_flutter_libs\sqlite3.vcxproj]
D:\git\CepheusLabs\printdeck\frontend\build\windows\x64\plugins\sqlcipher_flutter_libs\sqlcipher.c(108811,38): warning C4267: '=': conversion from 'size_t' to 'u32', possible loss of data [D:\git\CepheusLabs\printdeck\frontend\build\windows\x64\plugins\sqlcipher_flutter_libs\sqlite3.vcxproj]
D:\git\CepheusLabs\printdeck\frontend\build\windows\x64\plugins\sqlcipher_flutter_libs\sqlcipher.c(108874,76): warning C4267: 'function': conversion from 'size_t' to 'int', possible loss of data [D:\git\CepheusLabs\printdeck\frontend\build\windows\x64\plugins\sqlcipher_flutter_libs\sqlite3.vcxproj]
D:\git\CepheusLabs\printdeck\frontend\build\windows\x64\plugins\sqlcipher_flutter_libs\sqlcipher.c(128196,7): warning C4101: 'rc': unreferenced local variable [D:\git\CepheusLabs\printdeck\frontend\build\windows\x64\plugins\sqlcipher_flutter_libs\sqlite3.vcxproj]
Building Windows application...                                   168.6s
√ Built build\windows\x64\runner\Release\printdeck.exe
copied libcrypto-3-x64.dll -> Release
copied libssl-3-x64.dll -> Release
=== PRINTDECK-WIN DONE exit=0 ===
